<?xml version="1.0" encoding="UTF-8"?>
<testsuite xmlns:xsi="http://www.w3.org/2001/XMLSchema-instance" xsi:noNamespaceSchemaLocation="https://maven.apache.org/surefire/maven-surefire-plugin/xsd/surefire-test-report-3.0.xsd" version="3.0" name="TestTravel" time="64.346" tests="1" errors="0" skipped="0" failures="0">
  <properties>
[...]
</properties>
  <testcase name="Teste(WebDriver)" classname="TestTravel" time="64.33">
    <system-out><![CDATA[21:15:25.255 [main] DEBUG io.github.bonigarcia.wdm.docker.DockerHubService - Getting browser image list from Docker Hub
21:15:25.284 [main] DEBUG org.apache.hc.client5.http.impl.classic.InternalHttpClient - ex-0000000001 preparing request execution
21:15:25.292 [main] DEBUG org.apache.hc.client5.http.impl.classic.ProtocolExec - ex-0000000001 target auth state: UNCHALLENGED
21:15:25.293 [main] DEBUG org.apache.hc.client5.http.impl.classic.ProtocolExec - ex-0000000001 proxy auth state: UNCHALLENGED
21:15:25.293 [main] DEBUG org.apache.hc.client5.http.impl.classic.ConnectExec - ex-0000000001 acquiring connection with route {s}->https://hub.docker.com:443
21:15:25.293 [main] DEBUG org.apache.hc.client5.http.impl.classic.InternalHttpClient - ex-0000000001 acquiring endpoint (3 MINUTES)
21:15:25.294 [main] DEBUG org.apache.hc.client5.http.impl.io.PoolingHttpClientConnectionManager - ex-0000000001 endpoint lease request (3 MINUTES) [route: {s}->https://hub.docker.com:443][total available: 0; route allocated: 0 of 5; total allocated: 0 of 25]
21:15:25.298 [main] DEBUG org.apache.hc.client5.http.impl.io.PoolingHttpClientConnectionManager - ex-0000000001 endpoint leased [route: {s}->https://hub.docker.com:443][total available: 0; route allocated: 1 of 5; total allocated: 1 of 25]
21:15:25.304 [main] DEBUG org.apache.hc.client5.http.impl.io.PoolingHttpClientConnectionManager - ex-0000000001 acquired ep-0000000001
21:15:25.304 [main] DEBUG org.apache.hc.client5.http.impl.classic.InternalHttpClient - ex-0000000001 acquired endpoint ep-0000000001
21:15:25.304 [main] DEBUG org.apache.hc.client5.http.impl.classic.ConnectExec - ex-0000000001 opening connection {s}->https://hub.docker.com:443
21:15:25.305 [main] DEBUG org.apache.hc.client5.http.impl.classic.InternalHttpClient - ep-0000000001 connecting endpoint (null)
21:15:25.307 [main] DEBUG org.apache.hc.client5.http.impl.io.PoolingHttpClientConnectionManager - ep-0000000001 connecting endpoint to https://hub.docker.com:443 (30 SECONDS)
21:15:25.308 [main] DEBUG org.apache.hc.client5.http.impl.io.DefaultHttpClientConnectionOperator - hub.docker.com resolving remote address
21:15:25.371 [main] DEBUG org.apache.hc.client5.http.impl.io.DefaultHttpClientConnectionOperator - hub.docker.com resolved to [hub.docker.com/54.165.156.197, hub.docker.com/52.3.144.121, hub.docker.com/44.196.175.70, hub.docker.com/2600:1f18:2148:bc01:6fba:f146:1387:f27d, hub.docker.com/2600:1f18:2148:bc02:34e0:261c:e99e:cf7d, hub.docker.com/2600:1f18:2148:bc00:a66d:e75:e647:fefc]
21:15:25.376 [main] DEBUG org.apache.hc.client5.http.impl.io.DefaultHttpClientConnectionOperator - hub.docker.com:443 connecting null->hub.docker.com/54.165.156.197:443 (30 SECONDS)
21:15:25.377 [main] DEBUG org.apache.hc.client5.http.ssl.SSLConnectionSocketFactory - Connecting socket to hub.docker.com/54.165.156.197:443 with timeout 30 SECONDS
21:15:25.504 [main] DEBUG org.apache.hc.client5.http.ssl.SSLConnectionSocketFactory - Enabled protocols: [TLSv1.3, TLSv1.2]
21:15:25.504 [main] DEBUG org.apache.hc.client5.http.ssl.SSLConnectionSocketFactory - Enabled cipher suites: [TLS_AES_256_GCM_SHA384, TLS_AES_128_GCM_SHA256, TLS_CHACHA20_POLY1305_SHA256, TLS_ECDHE_ECDSA_WITH_AES_256_GCM_SHA384, TLS_ECDHE_ECDSA_WITH_AES_128_GCM_SHA256, TLS_ECDHE_ECDSA_WITH_CHACHA20_POLY1305_SHA256, TLS_ECDHE_RSA_WITH_AES_256_GCM_SHA384, TLS_ECDHE_RSA_WITH_CHACHA20_POLY1305_SHA256, TLS_ECDHE_RSA_WITH_AES_128_GCM_SHA256, TLS_DHE_RSA_WITH_AES_256_GCM_SHA384, TLS_DHE_RSA_WITH_CHACHA20_POLY1305_SHA256, TLS_DHE_DSS_WITH_AES_256_GCM_SHA384, TLS_DHE_RSA_WITH_AES_128_GCM_SHA256, TLS_DHE_DSS_WITH_AES_128_GCM_SHA256, TLS_ECDHE_ECDSA_WITH_AES_256_CBC_SHA384, TLS_ECDHE_RSA_WITH_AES_256_CBC_SHA384, TLS_ECDHE_ECDSA_WITH_AES_128_CBC_SHA256, TLS_ECDHE_RSA_WITH_AES_128_CBC_SHA256, TLS_DHE_RSA_WITH_AES_256_CBC_SHA256, TLS_DHE_DSS_WITH_AES_256_CBC_SHA256, TLS_DHE_RSA_WITH_AES_128_CBC_SHA256, TLS_DHE_DSS_WITH_AES_128_CBC_SHA256, TLS_ECDH_ECDSA_WITH_AES_256_GCM_SHA384, TLS_ECDH_RSA_WITH_AES_256_GCM_SHA384, TLS_ECDH_ECDSA_WITH_AES_128_GCM_SHA256, TLS_ECDH_RSA_WITH_AES_128_GCM_SHA256, TLS_ECDH_ECDSA_WITH_AES_256_CBC_SHA384, TLS_ECDH_RSA_WITH_AES_256_CBC_SHA384, TLS_ECDH_ECDSA_WITH_AES_128_CBC_SHA256, TLS_ECDH_RSA_WITH_AES_128_CBC_SHA256, TLS_ECDHE_ECDSA_WITH_AES_256_CBC_SHA, TLS_ECDHE_RSA_WITH_AES_256_CBC_SHA, TLS_ECDHE_ECDSA_WITH_AES_128_CBC_SHA, TLS_ECDHE_RSA_WITH_AES_128_CBC_SHA, TLS_DHE_RSA_WITH_AES_256_CBC_SHA, TLS_DHE_DSS_WITH_AES_256_CBC_SHA, TLS_DHE_RSA_WITH_AES_128_CBC_SHA, TLS_DHE_DSS_WITH_AES_128_CBC_SHA, TLS_ECDH_ECDSA_WITH_AES_256_CBC_SHA, TLS_ECDH_RSA_WITH_AES_256_CBC_SHA, TLS_ECDH_ECDSA_WITH_AES_128_CBC_SHA, TLS_ECDH_RSA_WITH_AES_128_CBC_SHA, TLS_RSA_WITH_AES_256_GCM_SHA384, TLS_RSA_WITH_AES_128_GCM_SHA256, TLS_RSA_WITH_AES_256_CBC_SHA256, TLS_RSA_WITH_AES_128_CBC_SHA256, TLS_RSA_WITH_AES_256_CBC_SHA, TLS_RSA_WITH_AES_128_CBC_SHA, TLS_EMPTY_RENEGOTIATION_INFO_SCSV]
21:15:25.504 [main] DEBUG org.apache.hc.client5.http.ssl.SSLConnectionSocketFactory - Starting handshake (null)
21:15:25.649 [main] DEBUG org.apache.hc.client5.http.ssl.SSLConnectionSocketFactory - Secure session established
21:15:25.649 [main] DEBUG org.apache.hc.client5.http.ssl.SSLConnectionSocketFactory -  negotiated protocol: TLSv1.3
21:15:25.649 [main] DEBUG org.apache.hc.client5.http.ssl.SSLConnectionSocketFactory -  negotiated cipher suite: TLS_AES_128_GCM_SHA256
21:15:25.649 [main] DEBUG org.apache.hc.client5.http.ssl.SSLConnectionSocketFactory -  peer principal: CN=*.docker.com
21:15:25.650 [main] DEBUG org.apache.hc.client5.http.ssl.SSLConnectionSocketFactory -  peer alternative names: [*.docker.com, docker.com, *.hub.docker.com, *.dockerproject.org, docker.io, *.docker.io, *.cloud.docker.com, *.master.dockerproject.org, *.cloud-stage.docker.com]
21:15:25.650 [main] DEBUG org.apache.hc.client5.http.ssl.SSLConnectionSocketFactory -  issuer principal: CN=Amazon RSA 2048 M02, O=Amazon, C=US
21:15:25.651 [main] DEBUG org.apache.hc.client5.http.impl.io.DefaultManagedHttpClientConnection - http-outgoing-0 set socket timeout to 3 MINUTES
21:15:25.651 [main] DEBUG org.apache.hc.client5.http.impl.io.DefaultHttpClientConnectionOperator - hub.docker.com:443 connected null->hub.docker.com/54.165.156.197:443 as http-outgoing-0
21:15:25.651 [main] DEBUG org.apache.hc.client5.http.impl.io.PoolingHttpClientConnectionManager - ep-0000000001 connected http-outgoing-0
21:15:25.651 [main] DEBUG org.apache.hc.client5.http.impl.classic.InternalHttpClient - ep-0000000001 endpoint connected
21:15:25.652 [main] DEBUG org.apache.hc.client5.http.impl.classic.MainClientExec - ex-0000000001 executing GET /v2/repositories/selenoid/vnc/tags?page=1&page_size=1024 HTTP/1.1
21:15:25.652 [main] DEBUG org.apache.hc.client5.http.protocol.RequestAddCookies - ex-0000000001 Cookie spec selected: strict
21:15:25.655 [main] DEBUG org.apache.hc.client5.http.impl.classic.InternalHttpClient - ep-0000000001 start execution ex-0000000001
21:15:25.655 [main] DEBUG org.apache.hc.client5.http.impl.io.PoolingHttpClientConnectionManager - ep-0000000001 executing exchange ex-0000000001 over http-outgoing-0
21:15:25.656 [main] DEBUG org.apache.hc.client5.http.headers - http-outgoing-0 >> GET /v2/repositories/selenoid/vnc/tags?page=1&page_size=1024 HTTP/1.1
21:15:25.656 [main] DEBUG org.apache.hc.client5.http.headers - http-outgoing-0 >> user-agent: Apache-HttpClient/5.0
21:15:25.656 [main] DEBUG org.apache.hc.client5.http.headers - http-outgoing-0 >> accept-encoding: gzip, deflate, br
21:15:25.656 [main] DEBUG org.apache.hc.client5.http.headers - http-outgoing-0 >> cache-control: max-age=0
21:15:25.656 [main] DEBUG org.apache.hc.client5.http.headers - http-outgoing-0 >> connection: keep-alive
21:15:25.656 [main] DEBUG org.apache.hc.client5.http.headers - http-outgoing-0 >> Host: hub.docker.com
21:15:25.656 [main] DEBUG org.apache.hc.client5.http.wire - http-outgoing-0 >> "GET /v2/repositories/selenoid/vnc/tags?page=1&page_size=1024 HTTP/1.1[\r][\n]"
21:15:25.656 [main] DEBUG org.apache.hc.client5.http.wire - http-outgoing-0 >> "user-agent: Apache-HttpClient/5.0[\r][\n]"
21:15:25.656 [main] DEBUG org.apache.hc.client5.http.wire - http-outgoing-0 >> "accept-encoding: gzip, deflate, br[\r][\n]"
21:15:25.656 [main] DEBUG org.apache.hc.client5.http.wire - http-outgoing-0 >> "cache-control: max-age=0[\r][\n]"
21:15:25.656 [main] DEBUG org.apache.hc.client5.http.wire - http-outgoing-0 >> "connection: keep-alive[\r][\n]"
21:15:25.656 [main] DEBUG org.apache.hc.client5.http.wire - http-outgoing-0 >> "Host: hub.docker.com[\r][\n]"
21:15:25.656 [main] DEBUG org.apache.hc.client5.http.wire - http-outgoing-0 >> "[\r][\n]"
21:15:25.884 [main] DEBUG org.apache.hc.client5.http.wire - http-outgoing-0 << "HTTP/1.1 200 OK[\r][\n]"
21:15:25.884 [main] DEBUG org.apache.hc.client5.http.wire - http-outgoing-0 << "date: Thu, 16 Mar 2023 21:15:25 GMT[\r][\n]"
21:15:25.884 [main] DEBUG org.apache.hc.client5.http.wire - http-outgoing-0 << "content-type: application/json[\r][\n]"
21:15:25.885 [main] DEBUG org.apache.hc.client5.http.wire - http-outgoing-0 << "transfer-encoding: chunked[\r][\n]"
21:15:25.885 [main] DEBUG org.apache.hc.client5.http.wire - http-outgoing-0 << "x-ratelimit-limit: 180[\r][\n]"
21:15:25.885 [main] DEBUG org.apache.hc.client5.http.wire - http-outgoing-0 << "x-ratelimit-reset: 1679001385[\r][\n]"
21:15:25.885 [main] DEBUG org.apache.hc.client5.http.wire - http-outgoing-0 << "x-ratelimit-remaining: 180[\r][\n]"
21:15:25.885 [main] DEBUG org.apache.hc.client5.http.wire - http-outgoing-0 << "x-trace-id: f407f11621448abb05a2fde3d328d81c[\r][\n]"
21:15:25.885 [main] DEBUG org.apache.hc.client5.http.wire - http-outgoing-0 << "server: nginx[\r][\n]"
21:15:25.885 [main] DEBUG org.apache.hc.client5.http.wire - http-outgoing-0 << "x-frame-options: deny[\r][\n]"
21:15:25.885 [main] DEBUG org.apache.hc.client5.http.wire - http-outgoing-0 << "x-content-type-options: nosniff[\r][\n]"
21:15:25.885 [main] DEBUG org.apache.hc.client5.http.wire - http-outgoing-0 << "x-xss-protection: 1; mode=block[\r][\n]"
21:15:25.885 [main] DEBUG org.apache.hc.client5.http.wire - http-outgoing-0 << "content-encoding: gzip[\r][\n]"
21:15:25.885 [main] DEBUG org.apache.hc.client5.http.wire - http-outgoing-0 << "strict-transport-security: max-age=31536000[\r][\n]"
21:15:25.885 [main] DEBUG org.apache.hc.client5.http.wire - http-outgoing-0 << "[\r][\n]"
21:15:25.886 [main] DEBUG org.apache.hc.client5.http.wire - http-outgoing-0 << "30AB[\r][\n]"
21:15:25.886 [main] DEBUG org.apache.hc.client5.http.wire - http-outgoing-0 << "[0x1f][0xffffff8b][0x8][0x0][0x0][0x0][0x0][0x0][0x0][0x3][0xffffffbd][0xffffff9d][0xffffffd9][0xffffff8e][0x1c]G[0xffffff93][0xffffffa5][0xffffffef][0xffffffe7]1x;b[0xffffffca][0xfffffff7][0xffffffa5][0xffffff80][0xffffffc6][0xffffffbc][0xffffff84][0xffffffae]z[0xffffff81][0x10][0xffffff8b]G[0xffffff8b][0xffffffd3][0x12]Ip[0x11][0xfffffffe][0xffffff9e][0xffffffc6][0xffffffff][0xffffffee][0xfffffff3]yn[0xffffff91]U[0x19][0xffffff9e][0x15]Q[0xffffffee][0x15][0x2][0xffffffb5][0xffffffb0][0x14],[0xffffffd2]-[0xffffff8f]y[0xffffffd8]r[0xffffffec][0xffffffd8][0xffffffff]|[0x18][0xffffffbe][0xfffffffc][0xfffffffc][0xfffffffc][0xffffffe3][0xffffffc3][0xffffff93][0xffffffd2][0xffffffea][0xffffff97][0xf][0xffffff9f][0xffffffd3]?[0xfffffff8][0xffffffcf][0xf][0x7f][0xfffffffc][0xfffffff8][0xfffffff1][0xfffffff5][0xfffffffb][0xffffffd3][0xffffffaf][0xffffffbf][0xfffffffe][0xfffffff1][0xffffffb3]?[0xffffff8c]_[0xffffff86][0xffffffff]J[0xffffffdf][0xe][0xffffffc3][0xffffff97][0xffffffbf]~[0xfffffffd][[0xfffffffd][0xfffffffa]-}[0xfffffffd][0xfffffff2][0xfffffffd][0xffffffd3][0xffffff8f]/[0xffffffdf]>[0xffffffa5][0xffffffef][0xffffffbf]~O[0x7f][0xffffffa6][0xffffffcf]_>[0xffffff8d][0xffffffbf][0xfffffffe][0xfffffffd]y[0xfffffff8][0xfffffff5]G[0xfffffff7][0xffffff9f][0xffffffdf][0xffffffff][0xffffffcf][0xffffffd7][0xffffffee]?[0xffffffd3][0xffffffbf][0xffffffa8][0x7f][0xffffffff])[0xffffff84]r[0xfffffff9][0xffffffbf][0x7f][0xffffffff][0xfffffffe][0xffffffe9][0xffffffff][0xffffffa5][0x7f][0xffffff91]B[0xffffff99][0xf][0xffffffbf]|[0xfffffff8][0xfffffffa]-[0xfffffffd][0xfffffffd][0xffffffe9][0xffffffcb][0xffffffcf][0xffffffef][0x1f][0xffffff9e]>[0xffffffff][0xfffffffc][0xfffffff3][0xffffffcf]_>|K[0xffffffdf][0x7f][0xfffffffe][0xfffffff9][0xffffff83][0xffffff9f][0xfffffffe][0xffffffdb][0xffffffff]|[0x18][0xffffffbe][0xffffffa5][0xffffff8e][0xffffffef][0xfffffffa][0xffffffe1]I[0xffffffda](}[0x10][0xffffffbf]|[0xfffffff8]4~x[0xffffffd2]1[0xffffffd8][0x18][0xffffff94][0xffffffb1][0xfffffffc][0xfffffff4]/[0xffffffbe][0xffffffdd][0xffffffe9][0xffffffd9][0xffffffee][0xffffffdb][0xfffffff0][0xffffffc7][0xffffffa7][0x1f]i[0xfffffff8][0xfffffff1][0xfffffff3][[0xffffffe2][0xf][0xffffffdb][0xfffffffd]5[0xffffffba][0xfffffffc][0xffffffed]'[0xffffffbe][0x3]_[0xffffffe1][0xffffff99][0xf][0xfffffffc][0xffffffec][0xffffffef][0xffffffee][0xffffffdb][0xffffffa7].[0xffffff9f][0xffffffeb][0xfffffff4]{[0xffffff8d][0xffffff9f][0xfffffff8][0xffffffd5][0xfffffff9]h[0xffffffdf][0xffffffff][0xffffffe8][0xffffff94]uO[0xffffffae][0x1b][0xffffffb4]Tr[0xffffffb4]::[0xffffff91][0xffffffe4]([0xffffffd3][0xffffffe8][0x6]c[0xffffff92][0xc][0xffffffd6][0xffffff8f][0xffffffc2][0xffffff8f]1[0xffffffda][0xffffffc9][0xffffffa5][0xffffffd1][0xf]f[0xffffffe8][0xffffff95][0xffffffb4][0xffffffda]G[0xffffffe3][0xffffffc6][0xffffffa1]3[0xffffffa3][0xffffffed][0xffffffbc][0xffffffec][0xffffff95][0xffffffe3]w[0xfffffff8][0xffffff92][0x7f][0xffffffa7]??}[0xfffffffe][0xfffffff9][0xffffff8f][0xffffffe3]O~[0x7f][0xfffffffe][0xfffffffb][0xfffffff3][0xffffff85][0xffffffbf][0xffffffd3][0xffffffb7][0xffffffef][0xffffff9f][0xffffffbe]|[0xffffffbe][0xfffffffc][0x11][0xffffffb2])><Y[0x19][0xffffff8c][0xffffffd3]V[0xffffffc6]_>|[0xffffffff][0xffffffc1][0x1f]8[0x7f][0xffffff93]n[0xfffffff8][0xfffffff1][0xffffffe9][0xffffffef][0xffffffc4]w[0xfffffff9][0xffffffb3][0xfffffffb][0xfffffffe][0xffffffe3][0xfffffff7][0xffffffaf][0x18]'q[0xfffffff8][0xf]J([0xfffffffd]Q[0xffffffe8][0xffffff8f][0xffffffd2][0xfffffffd]&[0xffffffe5][0xffffff93]PO[0xffffffd6][0x1f][0xffffff8c][0xffffffb1]F[0xffffff86][0x7f][0xffffff9d][0xffffff9f][0xfffffffd][0xfffffffe][0xffffffc7][0xffffffb3]g[0xffffff85][0xfffffff9]M[0xffffffda]'[0xffffffc5][0xffffff8f]p[0xffffffe0]|6[0xffffffc8][0x7f][0xfffffffd][0xfffffff0][0xffffffcf][0xffffffff]8[0x7f][0xffffffe7][0xffffff9f]_[0xffffffc7][0xffffffee]G[0xfffffff1]q[0xffffffa5]bp<[0xfffffffe][0xffffffec][0xffffffe1][0xffffffdb]O[0xffffffe4][0xfffffff8][0xffffffa7];}[0xffffff8f]o[0xffffffbf][0xffffffff][0xfffffffc][0xffffff9e][0xffffffbe]}[0xffffffee][0xfffffffe]:~[0x0][0xffffffe9][0xffffffdb][0xffffff97][0xffffffff][0xfffffffa][0xffffffd9][0xffffffa7][0xffffffe1][0x13][0xffffffbf][0xfffffff6][0xfffffffc][0xffffffb5]/_[0xffffffd3][0xffffffb7][0xffffffee][0xfffffff7][0xffffffe8][0xe][0xffffff82][0xffffffaf]]A[0xfffffff3][0xffffffdf][0xfffffff9][0xfffffff3][0xffffff95]|[0xffffffaa][0xffffff9c]~[0xffffffe2][0xffffff98]Gx<[0xffffffb3][0xffffffc9][0xffffffdf][0xffffffea][0xffffffc3][0xffffffd3][0xffffff8f]o?[0xffffffd3]/[0x1f][0xffffffc0][0xffffffd3][0xffffffef][0xfffffff7][0x16][0xffffffca]_[0xffffffdd]b[0xffffffa5][0xffffff9b][0xffffffe7][0x1f]Xj>[0xfffffffa]_i[0xfffffffc][0xffffffd4][0xfffffffd][0xfffffffe][0xffffffe3][0xffffffbf][0xffffffbf][0x1e][0xf][0xfffffff6][0xfffffff5][0xffffffeb][0xffffff9f][0xffffff9f][0xffffff86][0xffffffee][0x7][0x1f]"[0x10][0x1f]gW[0xfffffff8][0xfffffffc][0xffffffa3][0xfffffffb][0xfffffff4][0x19][0xffffffa7]8[0xffffff82][0xfffffff2][0xfffffff0][0xffffffb7][0xfffffffc][0xffffffdf][0xffffffff][0xfffffff7];[0xffffff9f][0xfffffff3]/[0xffffffb8][0xffffffd2][0xffffffe7][0x1f][0xffffffe9][0xfffffff3][0xffffff8f][0xffffffcb][0xffffffaf]?[0xfffffffe]o[0xffffffbe][0xffffffdc][0x1c]|[0xffffffff][0xfffffffc][0xffffffe5][0xffffffa1][0xffffffc7][0xffffffe8][0xffffffa8]Ms[0xffffff8f][0xffffff91]I[0xc].[0xc][0xffffffbd][0x8]2y[0xffffffd3][0xfffffff5]1)=[0xffffff8e]F[0xffffff8a][0xffffffa4][0xfffffff1][0x17]a[0xffffffd2][0xffffffa8]e?[0xffffff8e][0x1a][0xffffffff][0x10][0xffffffc2][0xffffffe3]$1h[0xffffffd1][0x1b][0xffffff9e][0xffffffef][0xfffffff8]U[0xffffffbd]=:[0xffffffc9][<[0xffffffc6]8[0xffffffaf][0xffffff85][0xffffff88][0xffffff9e][0xffffffeb][0xffffffe9][0x1e][0xf][0x5],[0xffffffd8][0xffffffdf][0xffffffa4]z[0x12][0xffffffe2]I[0xffffffca][0xffffff83][0x10]F[0xb][0xfffffff3][0xffffffaa][0xffffffc7][0xffffff88]'a[0xf]J[0x18][0x1c]}[0xffffff8d][0xffffffc7][0xffffff9c][0x1e][0xffffff8f]>[0xffffffea][0xffffffb6][0xe]cW9[0xffffffcc][0xffffff8d]I*[0x1c]f[0xffffffd1]H[0xffffffaf]:[0xffffffcc][0xfffffff3][0xffffff93][0xffffffef][0xffffffe2]/[0xffffffd5][0xffffffd0]{[0xffffffe0]/[0xffffffc1][0xffffffa8]h[0xffffff8c][0x3]\[0xffffff8d][0xffffffdf]01[0xffffffc8]Q[0xffffffbb][0xffffffc1][0xffffffea]`[0xffffff87][0xffffff90][0xffffff86]I[0xffffffc4]nJ[0xffffff8e][0x1f][0xffffffc9][0xffffffc7][0xffffffe8]\[0xffffff88]][0x12][0xffffffaa][0xffffff93][0xffffff86][0xffffffa7]|[0xfffffff2]6[0xffffffb9]>[0x5][0xffffffc1][0xffffff9b][0xffffffa6][0xfffffff7][0xffffffc3] M|[0xfffffffb][0x1b][0xffffffc6]x[0x1b][0xffffffa2]8[0xffffffbe]CW[0xfffffffb][0xffffff8b][0xfffffffb]M[0xffffff89]'#[0xffffff9f][0xffffff8c]=X[0xffffffcf];fF[0xfffffff5][0xffffffd7][0xffffff9f][0xffffffcf][0xffffffee]M[0xfffffff5]Q[0xffffffc4][0xffffffdf][0xffffffa4][0x7f]R[0xffffffea][0xffffffc9][0xffffff84]C[0xffffffb0]Z[0xffffffd9][0xfffffff8][0xffffffc0]_[0xffffff9e]?[0x1e][0xffffff9d]R[0xffffffda]7r[0xffffff98][0xffffffe1][0xffffff8f]o_[0xfffffffe]J[0xffffffbf]K)[0xffffffd6][0xffffffb9][0xffffffcc]l[0xffffff95][\n]"
21:15:25.887 [main] DEBUG org.apache.hc.client5.http.wire - http-outgoing-0 << "[0xffffff97]Y[0xffffffb4]S[0xffffffc9]eJ[0xffffff87][0xffffffdf][0xffffffc5]g[0xffffffaa][0xffffffe1][0xfffffff7][0xffffff8a][0xffffffcf][0x8]0[0xffffffdc][0xffffffdc]g[0xffffffb4][0xffffffea][0xffffffdc]${m[0xffffff87].)[0xffffffd5][0xffffffe9](:kF[0xffffffcd][0xffffff97][\r]N[0xffffffd1][0xffffffb9][0xffffffd8]Y[0x11][0xfffffff5][0xffffffc0][0xffffffdb]E&[0xffffffe5][0xffffffec]4[0x10][0xffffffc0][0xffffffc9]n[0x1c][0xffffffa6][0xffffffce]Nv[0xffffff9a][0xffffffba][0xffffffb7][0xffffffbf]c[0xffffff8c][0x8][0xffffff8e][0xffffffd0][0xffffffca]o[0xfffffff2][0x19][0x19][0xffffff9f][0xffffffb4][0xffffffcf][0xffffffef][\r]m[0xffffffbd]~[0xffffffd5]e[0xfffffff0][0x1a][0xffffffe1][0xe]A[0xfffffff3]:s+\[0xffffffe6][0xfffffff4]x[0xffffffd4][0x18][0xffffffa1][0xffffff95][0xffffffcb]L[0xffffff9f][0xffffffbe][0xffffffa5][0xffffffe9][0xffffffcb]?[0xffffffd6][0xfffffffb][0xffffffcc]l[0xffffff95]*[0xffffff9f][0xffffffb9][0xffffffb7][0xffffffd3]k.[0xfffffff3][0xfffffff2][0xfffffff0][0xffffffbb][0xffffffb8]L5[0xfffffffa][0x1e][0xffffffb8][0xffffff8c]WDCJ[0xffffffe7][0xffffffbc][0xffffffa6]m"3(#4[0xfffffff1]k"[0xffffff81][0x11]S[0xfffffff2]2(?[0xfffffff9][0xffffffb1][0xffffffeb][0xffffff89][0x11]:#[0xffffff84][0x14]n[0xfffffff4]}G[0x6]#[0xffffffad][0x8][0xffffffbd]2[0xffffff83][0x18][0xfffffff5]4[0xffffff8d][0xffffffca][0xffffffeb][0xffffffbe][0xfffffff3]I[0xffffffd6][0xffffffb8][0xffffff8c][0xfffffff7][0xffffffde]Er[0xffffffb3]m[0xffffffaf][0x19][0xffffffed][0xffffff9e][0xffffff84]<[0xffffff90][0xffffffd6][0x9]?g[0x1b]/^3[0xfffffff2][0xffffffa3][0xffffffd2]9[0xffffff91][0xffffffb1][0xfffffffe]I[0xffffffbb][0x3]>[0xffffffa0][0xffffff9d]}[0xffffffe0]3[0xffffffcf][0x1f]7F[0xffffffeb][0xffffff9c][0xfffffff7]4Id[0xffffffae]>#[0xffffffe2][0xffffffba][0xfffffff7][0xffffff8c]![0xfffffff8]=[0xffffff99][0xffffffa5][0xffffffca]gx[0x1f][0xffffffbf]4T[0xffffffc9]iJ[0xffffffa7][0xffffffdf][0xffffffc5]i[0xffffffaa][0xfffffff1][0xfffffff7][0xffffffd8]i[0x14][0xffffff91][0x7f]h[0xffffffef]4[0xffffff93]P[0xffffffa9][0xffffffd7][0xffffffc1]O[0xffffffd2]t[0xffffffce][0xffffff86]I[0xffffffea][0xffffffde][0xffffffea]n[0xffffff8c]B[0x8][0xffffffd7][0xfffffff7]b$[0xffffffe9][0xffffffb7]Z[0xfffffffb][0xffffffd1][0xffffff8f]d[0xffffffeb][0xffffff9d][0xffffffef]T[0xfffffff4][0xffffffce]%[0xffffffb2][0x1e][0xffffffe5]}J[0xffffffd3][0xffffffdb][0xffffff9d][0xffffffc6][[0xffffffae][0x1]k8[0xffffffd2]F[0xffffffa7][0xfffffff1]9[0xffffff97][0xffffffb1][0xffffff81][0xfffffff7]L1[0xfffffffb][0xffffffbf][0xffffffe0][0xffffffc0][0xfffffff8]'k[0xe][0xffffffd1]E[0xffffffa1]x[0xffffffb6][0xffffff98][0xfffffffd][0xffffffdf]>N[0xffffffda][0xffffffe1][0xffffffa4][0xe]s[0xffffff9a]tN[0xfffffff3]o[0xffffffea]1[[0xffffffb2][0xffffffff]Kl[0xffffffb6][0xffffffd6]gf[0xffffffab]T[0xfffffffb][0xffffffcc][0xb];[0xffffffbd][0xffffffe6]3[0xffffffd9]V[0xffffffb7][0xffffff87][0xffffffdf][0xffffffc7]gj[0xffffffe1][0xfffffff7][0xffffffc0]g[0xffffffac][0x12]!J[0xffffffd7][0xffffffbe]bf[0xffffffdd][0xffffffd4]Q#[0xffffffc3]i|?8[0xffffffad]G;Zc[0xffffff89][0xffffff9a][0xffffff9c][0xffffff91][0xffffffbd][0xffffffe1]~[0xfffffff6][0xffffff96][0xffffff88][0xffffffcd][0x19][0xffffffdd][0xffffffe1]T[0xffffff89]pL[0xffffffa7][0xffffffa0][0xffffffa9][0xfffffff6][0xffffffa4]N)[0x12][0xffffff9b][0xffffffa1][0xffffffc2]g$[0xffffffef]8n[0xffffffd5][\r]>c[0x7f][0x13][0x1]'x[0x12][0xfffffffe][0xffffffe0][0x8][0xffffffb8][0xfffffffc]rp[0xffffffa6]>J~[0xffffff90][0xffffffcf]h[0xffffff82][0xffffffb8]'[0xffffffa9][0xf][0xffffffc1]x[0xffffffe2][0xffffffcb][0xffffff92][0xffffffcf][0xffffffdc]=[0x1e][0xffffffa9]~[0x10][0xffffffca]5y[0xffffffcf][0xffffff9c][0xb]ff[0xffffffdd]K[0xffffffc6]_MR[0xffffffe1]0[0xffffff8b]FZt[0xffffff98][0xfffffff2][0xffffffc9]w[0xfffffff1][0xffffff97]j[0xffffffe8]=[0xfffffff0][0x17][0xffffffa3][0xffffffa5]7Q[0xffffffc8][0xffffffe6][0xffffffef][0xffffff98][0xffffffce][0xffffff99][0x10][0xffffff86][0xffffffd4]I[0xffffffa2][0xffffffaf]N[0xe]R[0xb]K[0xffffffd4][0xffffffa5][0xffffffa4][0x11]i[0xffffffb0][0xffffff93][0xffffffea]y[0xffffffa5][0xffffffc8]d[0xffffffc5]8FJ[0x4][0xffffffdd][0xffffffd4]S[\r][0xffffffc0][0xffffffa7][0x8][0xffffffe0][0xffffff88][0xffffffdf][0xffffffac]WU[0xffffffb9][0xffffff8c]R[0xffffffce]l[0xffffffaa][0xffffff97][0x1d][0xfffffff3]Z\[0xffffff86][0xffffffc0][0xffffffcc]Foo[0xffffffca][0xffffffc0][0xffffffb7][0xffffff81][0xffffffd9][0x11][0x6][0xffffffc2][0xfffffffd]&[0xffffffc8]{[0xffffffdc][0xffffff93][0xc][0x7]e[0xffffff8c][0xffffffb0][0xffffffc5]z[0xffffffd9][0xffffffdd][0xffffffe3]F{[0xffffffe5][[0xffffffbd]c[0xffffffe6][0xffffffc0],[0xffffffac][0xfffffff3][0x19]#.f[0xffffffa9][0xfffffff0][0xffffff99]EC[0xffffff95]}[0xffffffe6][0xffffffd6]X[0xfffffff3][0xffffffe9]wq[0xffffff9a]j[0xfffffffc][0xffffffbd][0xffffffe2]4[0xffffffc2]:[0xffffffdd][0xffffffdc]iF9h[0xffffff82][0xffffffb1]NvT[0xffffffc9][0xffffff8c][0xffffff93][0xffffffa9][0x17][0xffffffae]#M[0xffffffb1][0xffffffa2][0xffffffe7][0x7f][0xffffffd8]^XM)[0xffffffad][0xffffff9f][0xffffffa4][0x1d][0x12][0xffffffb5][0xffffff82]1RV[0xffffffd3]z[0x1a](MSF[0xffffff9b]r[0xffffffb1][0xfffffffd][0xffffff8d]Ef[0xffffffcd]%[0xffffffc0]{sK[0xffffff91][0xfffffff9][0xffffff88][0xffffff85][0xfffffffc][0xffffff92][0xffffff91][0x7][0x15]|[0xffffffb8][0xffffffa9]l[0x15][0xffffff9c]F[0xffffff91][0xffffffcd][0xffffff98][0x3][0xffffffd5]5[0xffffffaf][0xffffff8a]m[0xffffff99][0x1b][0xffffffa7]9=n[0xffffff8d][0xffffffa3]b[0xffffffd0][0xffffffe8]-3;[0xffffff8d]_[0xffffffe7]4[0xffffffb3]Yj[0xffffff9d][0xffffffe6][0xffffffa5][0xffffffa1]^s[0xffffff9a][0xffffff97][0xffffffa7][0xffffffdf][0xffffffc5]i[0xffffffaa][0xfffffff1][0xfffffff7][0xffffffd8]ir[0xffffff8c]D[0x18][0xffffffd3][0xffffffb8][0x4][0xffffff90][0xffffff88]o[0xffffffd2][0xffffffa0][0xfffffff4][0xffffff90][0xffffff88]tz[0xffffff91]z[0xffffffe9]|[0xffffffea],[0xffffff9d]F[0xffffffe7][0xffffffa4][0xffffffeb][0xffffffad][0x1d][0xffffff9d][0xffffffed]c[0xffffffef][0xffffffac][0xffffffe9]q[0x15][0xffffffc2]|Mz[0x13]r[0xffffffaf]F[0xfffffff4][0xffffffb9][0xfffffff6][0xfffffffd]v[0xffffffa7][0xffffffc9]%[0xffffffb3][0x10][0xfffffffc][0xffffffb6]J3[0xffffffd5] ~[0xffffffd0][0xffffff9f][0xffffffb4][0xffffffc2](C[0xfffffff5][0xfffffff8][0xffffffda][0xfffffff7][0xffffff9c]+[0xffffffcd]7^ p0}p[0xffffff8e][0xffffffb8][0xffffff96]:[0xffffffd8]r6s[0xfffffff7][0xffffffb8][0xffffffc7]eT#[0xffffff9f][0xffffffb9]&3+[0xffffffdf]3[0xffffffb3]Q[0xffffffaa]\f[0xffffffc1]L[0xffffffaf][0xffffffb9][0xffffffcc][0xffffffc9]T[0xffffffd7][0xffffffb3][0xffffffef][0xffffffe2]1[0xffffffd5][0xffffffe0]{[0xffffffe0]1[0xffffff9a]"[0xffffff95]7[0xffffffae]}[0xfffffffe][0xffffffdf][0xfffffff7]:vn[0x8]c$][0xffffff91]2[0xffffff8c][0xffffffc6][0xffffff89] [0xffffffdc][0xffffffd0][0xffffff89]>[0x4][0x13][0xffffffa4][0xffffffec][0xffffffd4]4[0xffffffba][0x8]/[0xffffff80]*[0xffffff99][0x12]q[0xffffff80][0x12]`"[0xffffff81]Q[0xffffff9c]z0[0x1b]*<[0xffffff86][0xfffffff4][0xffffff89][0xffffff97][0x5][0xffffffa5][0xfffffff3][\r][0xfffffff9][0xffffffff][0xffffffa9][0xfffffffb][0xffffffaf][0xffffffe8]OzChX[0xfffffff2][0x18][0xfffffff9]Q[0xffffff86][0xffffffdc][0xffffff9b][0xffffff91].[0xfffffff7]q[0xffffffbc][0xfffffff4][0xffffffb2]\h[0xffffffc6]c[0xffffff9e]?[0x1e]H[0xffffffec]b[0xffffffe3]dF[0xffffffaf]{[0xffffffc7][0xffffffb8][0xffffffab]M[0xffffffea][0x1c][0xffffffe6][0xffffffc8][0xffffff91]xf[0xffffffa5][0xffffff92][0xffffffc3][0xffffff94][0xffffff8e][0xffffffbe][0xffffff8b][0xffffffc7]T[0xffffff83][0xffffffef][0x15][0xffffff8f]1F[0xffffffb6][0x7f][0xffffffc7]h[0xffffff97]&[0xffffffdd][0xffffffb9]$[0xffffffa7]~[0xffffffec]:=[0xffffff8d][0xffffff89]JY[0x14][0xffffffbd][0xf][0xffffff93][0xffffff93]J[0xffffff8c]S[0xffffffe8][0xffffff89][0xffffffd2][0xffffffdc][0x14][0xfffffff1][0x1e]+([0xffffff9d][0xffffffa5]08i[0xffffff9d][0xffffffb5]f[0xffffffd0][0xffffffc9]Ud[0xffffffff]6[0x8]%U[0xffffff8e]57{[0xffffff8c]q[0x7]G[0xffffffe9]@[0x16][0xffffffb3][0xffffffff]+[0xe]H~[0xffffffc4][0xffffffc1][0xffffffc1]Z[0x12][0xffffffc5]2[0xfffffff3][0xffffffad][0xffffffc7][0xffffff9c][0x1e][0xffffff8f]T[0xffffffe3][0xffffffe6][0xffffffd7]W][0xffffffc5][0xffffffec][0xffffff9c][0xfffffffe][0xffffffab]u[0x1e]3[0xffffffdb][0xffffffa4][0xffffff81][0xffffffc7]<[0xffffffb3][0xffffffd2][0xffffffab][0x1e][0xfffffff3][0xffffffe2][0xffffffe8][0xffffffbb]xL5[0xfffffff8][0x1e]x[0xc][0xffffff84]/[0xffffffba][0xffffffff][0xffffffaa]}c[0xffffffa6][0xffffff87]Y@[0xffffffca]7[0xffffff90][0x17][0xffffff98]i[0xffffff8a][0xfffffffc][0xffffff97][0xffffffec][0xffffff84]U[0x10]bh[0xffffffd8][0xfffffff4][0xfffffffd][0x18][0xffffffd3][0xffffffe4][0xffffff9c]N=Ue[0xffffffe7][0xffffffdd][0xffffffe0][0xffffffba]II7[0xffffffe1]G[0xffffff94][0xffffffd0][0xffffff9c][0x1e]+[0x1a]3[0xffffff8e][0xffffff86][0xffffff90]#[0xffffff8d][0xffffffdf][0xffffffe6]1[0xfffffff9][0xffffffa5][0xfffffff1]$[0xfffffffd]![0xfffffff2][0xffffff8a][0xffffffc9][0xffffff91][0xffffffd6]rT&>[0xffffffaa][0xffffff90]kk[0xffffffc6]<[0x19][0xffffff9e][0xffffffa5]c[0xffffffea][0x1e][0xffffffe5][0xffffffff][0xffffffb7][0xffffff8f][0x13]>Y[0xfffffffa][0xffffffff][0xffffffad]<[0xffffffe6][0x1a][0xffffff96][0xffffffad][0xffffffcc]df[0xffffffab][0xffffffd4][0xfffffff9][0xffffffcc][0xffffffbd][0xffffff9d]J>S:[0xfffffffc].>S[\r][0xffffffbf][0x7]>#[0x2][0xffffff95]][0xffffff98]R[0xffffffcd]3[0x19][0x2]>:[0xfffffffe]d[0xffffffe1][0xffffffca][0xfffffff5]&Nd[0xfffffffd][0xffffffbd]79[0x4]SS[0xe]O|nX[0xffffffea]4[0xffffff86][0x18]z)LH[0xffffff9a][0xffffffce][0xffffff8d][0xffffffa5]!3([0xffffffc9][0xffffffab][0xffffffc8]U[0xffffffd4][0xffffffcc]t[0xffffffc8][0xffffffad][0xffffff9f][0x8]mn[0xfffffff5][[0xffffff86][0xfffffff2][0xffffffa9]~2D[0x1c][0xfffffff1][0xffffffa0]"[0x7f][0x1a][0xffffffde][0x1c]%[0xffffff9f][0xffffff91]43[0xffffffcd][0xffffff93]"@1[0x7][0x18]?Q[0x11][0xffffffc3][0x15]3[0x19][0xfffffff1][0xfffffff1][0xfffffff6]q[0xffffffa5][0xffffffc9][0xffffffb1][0xffffffda][0xffffffd7][0xffffffcc][0xffffffd6][0x11]3[0xffffffcd]l[0xffffff96][\n]"
21:15:25.888 [main] DEBUG org.apache.hc.client5.http.wire - http-outgoing-0 << "[0xffffffa7]Y4T[0xffffffd9]i[0xffffff96]O[0xffffffbf][0xffffff8b][0xffffffd3]T[0xffffffe3][0xffffffaf][0xffffffec]4[0xffffff8a][0xfffffff4][0xffffff81][0xffffffbb]2[0xffffffb6]'[0xffffff9a][0xffffff99]@[0xfffffff9]k[0xffffffea][0xffffffa8])[\r]>(h[0xffffffcd][0xffffffe4][0xfffffffa][0xffffff89][0xffffffde][0xffffffbf][0x1a]!,[0x7][0xffffffa8])}p[0xffffffb8][0xc][0x15]fC[0xffffffb8][0xffffffd6]C[0x12]H]J[0xffffffce][0xfffffff4][0xffffff83][0xffffff99]z[0xffffff82][0xffffffab][0xffffffb7]'3[0x10][\n]"
21:15:25.888 [main] DEBUG org.apache.hc.client5.http.wire - http-outgoing-0 << "[0xffffffe0]Rkj[0xffffffe7][0xffffffab][0xffffff9d][0xffffffe6]Be6[0xfffffff2]@u[0xffffffc2][0xffffffb8]R[0xfffffffa]/[0xffffffe2]G[0x15][0x7f][0x13]\[0xffffffb6][0xfffffff9][0xffffffc7][0xffffffc1][0xffffff91][0xffffff9e][0xffffffc4][0x7]N[0xfffffff3][0xffffffe2]qr,[0xffffffd1][0xffffffcc]i[0xffffffce][0xffffffa1][0x19]LR,[0xfffffff5][0x1a][0xffffff95][0xffffffd9][0xffffffcc]6[0xffffffa9][0xfffffff0][0xffffff98]E+[0x15]<[0xffffffa6]x[0xfffffff4]]<[0xffffffa6][0x1a]|[0xffffffaf]x[0xffffff8c]&[0xffffffc9]h[0xfffffffe][0xffffff9a][0xffffffc1]Gh[0xffffffed]w:[0xffffff89][0x8][0xfffffff9]3[0xfffffff2]W[0x17][0x4][0xffffffa3][0x0][0x2]n[0xffffffba][0xffffff9f][0xffffffe0]^[0xffffffc6][0xffffffd1][0xffffff8c][0xffffffbd][0xffffff96][0xffffffb1][0x13].Q'[0xffffff83]N[0x1d]&Z7}[0xffffffd2][0xfffffffc][0xffffffb2]QWx[0xffffff8c]1[0xffffffca]I[0xffffffb9][0xffffffd1]c [0xffffff8e][0x11]q[0xffffffa9][0x3]Q[0xffffffdd]-[0x7f][0xfffffff2]y[0xffffff95]y[0xffffffc6][0x1]Eiu [0x4][0x14][0xffffff8f][0xffffff92][0xffffff99][0x17][0xffffff8f][0xffffff9b][0xffffffdc][0xffffffbf]m[0xffffffc5]3[0xffffffbb][0xffffff86]f+[0xffffffdf]2[0xffffffbc][0xffffffe0][0xffffffce]V[0xffffffa9][0xfffffff3][0xffffff99]{;[0xffffffbd][0xffffffea]3G[[0xffffffcd][0xffffff87][0xffffffdf][0xffffffc5]g[0xffffffaa][0xffffffe1][0xfffffff7][0xffffffc8]g<[0xffffffc3]%[0xffffffc1][0xffffffb7]og[0xffffff86]![0xffffffd2][0xffffffd9][0xffffffef]'/[\r]wq/[0xffffffe5][0x18][0xffffff9c][0xffffffa7][0x18][0xffffffa6][0xffffff98][0xffffffce]![0xffffff89][0xffffff81]-C:LA[0xffffff80][0xffffff84][0xffffff80] [0xffffff8d][0xffffffa9][0x1d][0xffffff86]g,[0xffffffc3][0x1][0xffffffa1][0xffffffb3][0xffffff9d]T[0xffffffa3][0x7f][0xffffffbb][0xffffffcf][0xffffffc0]\[0xffffff8b]Q[0xffffffdb][0xffffffb7][0x14][0x0]l8D[0xffffffe5][0xffffff94]\[0xffffffe6][0xffffff99]e~[0xffffffee]GE;[0x13][0xffffffaa]@[0xffffffa4]vtP[0xffffffb0]K_[0xfffffff3][0xffffff99][0xffffff9b][0xffffffc7]5l[0x1]5G}u[0x5][0xffffff80][0xffffffb9]3[0xffffffb3]r[0x4]`6K[0xffffff9d][0xffffffd3][0xffffff9c]&[0xffffff8b]n[\r][0xfffffff5][0xffffffc0]i[0x16]O[0xffffffbf][0xffffff8b][0xffffffd3]T[0xffffffe3][0xffffffef][0xffffff81][0xffffffd3][0xffffffe0]/`U[0xffffffb5][0xf][0xffffffcd][0xffffffa4][0xffffff88][0xffffffd3][0xffffffa4]![0xfffffffb][0xb]Feb[0xffffffe6][0x2][0x4][0xffffff8a]c[0xffffffa2][0xffffff9b][0xfffffff8][0xffffffdd][0xffffff82][0xffffffa2][0xffffffda]L[0xfffffff3]?[0xffffff8c]p[0xffffff9d]i[0xfffffffb][0xffffffc7][0xffffffbe][0xffffff87]Y[0x16][0xffffffec]D1[0xffffff80][0xffffffe1][0xffffffb4]01lV[0xffffffe1]4[0xffffff8e][0xfffffffe])[0xffffff95][0xffffff87][\r][0xffffffa1][0xffffffd9]u[0x1c][0xffffffc4][0x1d]Ld[0xffffffe4][0xffffffa6]T[0x3][0xffffffc0]i[0xfffffff2][0xc][0xffffff80][0xffffffcd][0xfffffff3][0x2][0xfffffff0]kx[0xffffffcb][0xffffffd0]9-[0xffffffe7]3/[0x1e][0xffffff97]26[0xffffffa3][0x0][0xffffff9c]#[0xffffffb3][0xffffff95][0x3][0x0][0xfffffff0][0xffffff80][0xffffffce]&[0xffffffa9]p[0xffffff98]E#[0xffffff95][0x1d][0xffffffe6][0xffffffd6]P[0xffffffd7][0xffffff93][0xffffffef][0xffffffe2]/[0xffffffd5][0xffffffd0]{[0xffffffc5]_[0x8][0xffffff87][0xffffffda][0xfffffff3][0xffffffff]M"[0xfffffffc][0xffffff9a]<[0xffffffaf][0xffffff8e][0xffffffe4]G[0xffffffab]z[0xffffffba]-P4}[0xffffffe8][0xffffff8c][0xffffff8d][0xffffffbc]e([0xffffff8f][\r][0xffffffd3]0&7[0xfffffff6][0x3][0xfffffff5][0xffffffe6]qRf[0xffffff94]v[0xc][0xffffffa4]?[0xffffffa6][0xffffff8f][0xffffffd6][0xffffffe5][0x0][0xfffffffd][0xffffffad][0xffffffed][0xffffffff][0x10][0xffffff8d][0xfffffff2][0xffffffe1][0xffffff8d][0xfffffffe][0xffffffe2][0x2][0xffffff95][0xffffffee]R[0xffffff95][0xfffffff9][0xffffffea][0x0][0x1a]>[0xffffffb3]=[0xffffff84] sjRJ[0xffffffff]_<[0x1d]c0[0xffffff8d]3[0xffffff99][0xffffffb0][0xffffff92][0xffffffc8]L[0xffffffc6]u6I[0x1b][0x7f][0xffffff99][0xffffff8d][0xfffffff4][0xffffff9a][0xffffffbf][0xffffff9c][0xc]5[0x1f]}[0x17][0xffffff87][0xffffffa9][0xffffffc6][0xffffffde]#[0xffffff87][0xffffffa1][0x17]G[[0xffffffa6]}&3[0x19][0xffffffd9][\r][0xffffffe4][0xfffffffc]S[0xffffffec][0xfffffff8]'I[\n]"
21:15:25.889 [main] DEBUG org.apache.hc.client5.http.wire - http-outgoing-0 << "[0xffffffbf][\r])[0x2][0x14][0xffffffe6]D[0xffffffd7][0xffffffdf][0x19][0x1a]3[0x10]{[0xfffffffb][0xffffff98]'BU[0xffffff82]x[0xffffff9c][0xffffffcb][0x0][0xffffff94][0xffffffbc];-[0xffffffc7][0x1e][0xffffffba][0xffffffcb][0xffffffdb][0x1d][0xffffffc6]R[0xfffffff3][0xffffff8a]o[0xffffffc8]dxi[0xffffffe8]x0T*d[0xffffffa9][0xffffff91]yu[0x1]x[0xffffff99][0xffffff8c]<[0xffffff93][0xffffff95][0xffffffa9]Wr[0xffffffff][0xffffffd3]5[0xfffffffb][0xfffffffc][0xfffffff1]&[0xffffffac][0xffffffcc]k&[0xffffffb3]2([0xffffff9b][0xffffffad]R[0xffffffe1]3d[0xffffffff]>[0xffffffbf]\[0xffffff9f][0xffffffd9][0xffffffe9]5[0xffffff9f]yy[0xfffffff8]]|[0xffffffa6][0x1a]~[0xf]|[0xffffffc6]G[0xb][0xffffffdb][0xffffffeb][0x1d]|F2aI[0x8]F[0xffffff8f][0xffffffa5]s[0xffffffc7]|[0x6][0xffffffaa][0xffffffbf][0x1c]L"s[0x19]S[0x0]j[0xffffffc4]`[0xffffffcc]3[0xffffff93][0xffffffef]P[0xffffff86]fRf`[0xffffffc4]P[0xffffffc9][0x9]Gs[0xffffff9d][0xffffffd3]]E[0xffffffbd]L[0xffffffc2],[0xffffffc0]m[0xffffffb6]M[0xffffffcc]dr2~`[0xffffffa0][0xffffffcb][0xffffffa0][0x1a]P[0xffffffac][0xffffff97][0xffffff85][0xffffff8f][0xffffffca]g[0xffffff99][0x0]F[0xffffffff]ed[0xffffffca]L[0xfffffffa][0x1c][0xffffffc0][0x15][0xffffffdf]2[0xffffffcf][0x1f][0xffffff87][0xffffffd9]@[0x1d][0xffffffaf][0x11]_f[0xffffffce]dV[0xffffff92][0xffffff99]g[0xffffffb3][0xffffffd4]9[0xffffffcd][0xffffffbd][0xffffffa1]JNS:[0xfffffffd].NS[0xffffff8d][0xffffffbf][0x7]N[0xffffffe3][0xfffffff8] 5E[0xffffffd9][0xffffffe6]%[0xffffffb3][0xffffff90][0x4]Z[0x12][0xffffff94][0xffffffcb]`[0xfffffff7][0xffffffab]i[0xffffffa2][0xffffff8d][0xffffff87]C[0xffffffb8]~[0xffffffb4]!QE[0x1b]-[0xffffffcd][0x17][0xffffffc9]([0xffffffd0][0x10][0x7]O1`[0xffffff98]`[0xffffffaa][0xfffffff4]=[0xffffffb9][0xffffffb7][0xffffff86][0xffffffb3][0x19][0xffffff93][0xffffff8e]o[0x7f][0xffffffd1][0xffffff90][0xffffff8b][0x18][\n]"
21:15:25.889 [main] DEBUG org.apache.hc.client5.http.wire - http-outgoing-0 << "[0x9][0x1b][0xffffffbb][0xffffff99]p[0xffffffcc][0xfffffff4][0xffffff93][0xffffffa6][0xffffffc8],[0x1d][0x5][0xffffff8b]BgF[0xffffff84]#[0xffffff9b][0xffffff99].[0xe][0xfffffff7][0xffffffad][0xffffff82][0xfffffff9][0xc][0xffffffe5][0xfffffff4][0x1][0xfffffffb][0xffffffff][0xffffffc5][0xffffffe3]p[0xffffff93] }6r[0xffffff9a][0xffffffeb][0xffffff8b]f[0xffffffa5][0xffffffcf][0xffffffcc]V[0xffffffa9][0xfffffff3][0xffffff99]{;[0xffffff95]}[0xffffffe6][0xffffffd6]V[0xfffffff3][0xffffffe1]w[0xfffffff1][0xffffff99]j[0xfffffff8]=[0xfffffff2][0x19]j[0xffffff8f]|[0xffffff92][0xffffffed][0xffffffb3][0x7f][0xffffffa1][0xffffffa6]A%[0xffffff9d][[0xffffff95]L5[0xffffffd3][0xffffffc7][0x1c])[0xffffff9d][0xffffffc1][0x2]@(f[0xffffff88][0xffffffa6]'[0x1e][0xffffffc3][0xffffffa7][0xffffffa8]:3[0xffffffac][0xffffff98][0xffffffc8]o41[0x19][0xffffff83][0xffffffcd][0xffffffb0][0x5]F[0xffffffd7]+F6[0xffffffdf][0xffffffee]3[0xffffffa4]L\[0x4]r[0xb][0xffffff99][0xffffffd9][0xfffffffe][0xffffffc6]H?[0xfffffffd][0x16][0x1b][0xf][0xffffff9e][0xffffff96]c([0x6]g[0xfffffffe][0xffffffd8][0xffffff98][0x9]O9H[0xfffffff7]4q[0xffffffb4]/k[0xffffffcc]Pa{[0xfffffffe]x[0x1e][0xffffffa3][0xffffffbb]i[0xffffff94][0xffffffb6]*[0xffffff99][0xffffffad]$[0xffffff9a][0xffffffcd]f[0xffffffa9]p[0xffffff9a]EC[0xffffff95][0xffffff9c][0xffffffa6]t[0xfffffffa]][0xffffff9c][0xffffffa6][0x1a][0x7f][0xf][0xffffff9c][0xffffffc6]J[0xffffffc8]]]]><![CDATA[>[0xffffffcf]16&3[0xfffffff7]}[0xffffffdf]A[0xfffffff3][0x1f][0x18][0xffffffb7][0xffffffa4][0xffffffda]L[0x13]3[0xffffffc6]id[0xffffffd6][0xffffff8c][0xffffffc8]+[0xffffff84]D]*J[0xffffffc1]t[0xfffffff3][0x4]1[0xffffff80]J[0xffffff92][\n]"
21:15:25.889 [main] DEBUG org.apache.hc.client5.http.wire - http-outgoing-0 << "[0x3][0xc][0xffffffe4]Q[0xffffffe9][0xffffff8e][0xffffff99][0xffffffb4]~[0xffffffa0]A[0xfffffff2]v[0xffffffa7][0xffffffc9][0xffffffcd][0xffffffee][0x0][0xffffffa3]eC[0xffffffc9][0xffffff8c]H[0xffffff9d][0xffffffb7]L[0xffffff9e][0xffffff9c][0xffffffa1]7[0x3][0xffffffef][0xffffffad][0x18][0xffffff9d][0xffffff81][0xffffff83]cT[0xf][0xb][0xffffff80]~[0x3]d[0x1][0xffffffa3][0x1f][0xffffffd5][0x0][0xffffff96][0x1f]o[0xffffff9b][0xffffffd1][0xffffffac][0xfffffff4][0xffffff99][0xffffffd9]*[0x15]>[0xffffffb3]h[0xffffffa7][0x7]>[0xffffffb3]`[0xffffffab]_>[0xffffffec][0xffffffe2]3[0xffffffd5][0xfffffff0]{[0xffffffc5]g[0x2][0x12][[0xffffffcd]}[0xffffffc6][0xb][0xffffffe9][0xffffffcc][0x8]5[0x6][0xffffff8d][0xffffffb2]L[0xffffffc8][\n]"
21:15:25.890 [main] DEBUG org.apache.hc.client5.http.wire - http-outgoing-0 << "R[\r]"[0xffffffa7]6p[0xffffffcd][0xffffffa0][0xffffffe7][0xf][0xffffffb4][0xfffffffc]3[0xffffff83]y@[0xffffffdb],[0xffffffa5]^[0xffffff8d]rbT [0xffffffd1][0xfffffff8][0xffffff9c]|[0x8][0xffffffb8][0xffffffd2][0xffffffdb]}[0xffffff86][0xffffffba]9[0xffffffcc][0xfffffffc],[0xffffffe7][0xffffffb5][0xffffff99][0x1]@v[0xffffffeb]"[0xffffffe3][0xffffffd4][0xffffffc5]2[0xffffffb3][0xffffff87][0xffffffa2][0xfffffffc][0x1b][0xffffff94]v[0xffffffc9][0xffffffbb][0x6][0xffffffff]"[0xffffffa2][0xffffffcc]/[0xffffffa5]bF[0xfffffff3][0xfffffffc]q[\r]#H[0xffffffb4][0xffffff9a][0x0][0xffffff98]3[0xffffff9a][0xffffff95][0xfffffffc][0xffffffcc][0xffffffd9],uNs[0xffffffec][0xffffffcd]<3T[0xffffffd9]in[0xffffff8d]5[0xffffff9f][0xfffffffe][0x1d][0xffffff9c][0xffffffe6][0x1][0xffffffc2]sD[0xffffff8c][0xffffffe4]D[0xfffffffb][0xffffffb9]0[0xffffffa1]zx&[0xffffffce][0x9][0xffffff9a][0xffffff8b]9Z[0xffffffea][0xffffff99][0xffffffa2][0x1c]{[0xffffff8b][0xffffffa0][0xffffff90]w[0xc][0xffffff84]1_<[0x12][0xffffffe8][0xf] [0xffffffbe]'[0xffffffb6]B[0xffffff84][0xc]N[0xffffffa7][0x10][0x4]RL_[0x1a]t[0xfffffffc]j[0x10][0xffffffee]H[0xffffffff]soh5[0xffffffc2][0xffffffaf]=[0xffffff82]p@]P[0xffffffdb][0xffffff99]U[0xffffffff][0xffffffa2]c[0xffffffef]>*qD8Q[0xffffffb8]?h[0x18][0xffffff8a][0xfffffff9][0xffffffd9]"[0xffffffc2][0xffffff9f]?n[0xffffffa0][0x13][0xffffff85]V[0xffffff84][0xfffffffd][0x19][0xffffffe1]+i.[0xffffffd2]_[0xffffffcc]R[0xffffff81][0xfffffff0]EC[0xffffff95][0x10]^:[0xfffffffd][0xffffffee][0x8][0xffffffcf][0xffffffea][0x1e][0xffffffed][0xffffffa9][0xffffff8f]\n[0x8][0xffffffe9]1[0xffffffee]8z[0xffffffae]:[0x1a][0x1b][0x9][0xfffffffe]FG[0xffffffd7]#S[0xffffff99][0xffffff86][0x10]B[0xfffffff4][0xffffffa0]9[0xffffff93][0x1][0xffffff89][0xffffff8c]4[0xffffffa9][0xffffffaa]#[0xfffffff9]D[0x5][0xffffffc9][0x1b]PO'[0xfffffffa][0xffffffed][0x8]G[0xffffff90][0x2][0xffffffd6][0xffffffd2]&I[0xffffff8a][0x13][0xffffffa3]/O[0xffffffcd]#2[0xffffff89]@G[0xffffffb1][0xffffffbf]~[0xfffffffd][0xffffffd0][0x8][0xffffff93][0x8]8[0xc]I[0xffffffd0]*[0xffffff84][0x1f][0x1f][0xffffff87][0xffffff8c][0xffffffc3][0xffffff9f][0xffffffad]Q[0xffffff82]}[0xffffffea][0x15][0xffffff86][0xffffff95]3\[0xffffffb3]M[0xffffffaa][0xffffffe0][0xffffff9d]K[0xb]/[0xffffffac][0xfffffff4]*[0xffffffbc]_[0x1c]}_x[0xffffffc3]XG[0xffffffce][0xffffffe1][0x1d][0xffffffe0][0xffffffdd][0xfffffff5][0xffffff98][0x14][0xffffffd2]a[0xffffff82]`[0xffffff85]vA[0xffffff92][0xffffff84][0xffffffda][0xc][0xfffffff4][0xffffff92][0xffffffa4]"[0xffffffb3][0xffffffca][0xffffffb4][0xffffffba]AMB[0xffffffea][0xffffffc9][0xffffffe5][0xffffff99]%[0xfffffff2][0x16][0xffffffae]z[0xffffff9d][0xffffffbb]{#W[0xffffff9c][0xffffffb7]SWA[0xffffffb9]29[0xffffffda]F[0xfffffffc]m[0xffffffc3][0x5]~[0xffffff9c]pG[0x11][0x2][0xffffff85];[0xffffffd8],2[0x14][0xffffffeb]G[0xfffffff6][0xffffffa3]&D!>[0xffffffe1][0x2][0x17][0x7][0xffffff88][0xffffffcb][0xffffffd1]>[0x18][0xffffffec][0x15][0xffffffcf][0x1f]w[0xffffff8c]?[0xffffffe6]9[0xffffffe0][0xffffffb6]a[0xfffffffd][0xffffffca][0x8]e[0xffffffb6]J[0x5][0xffffffc0][0x17][0xffffffed]T[0x2]x[0xffffffe9][0xfffffff0][0xfffffffb][0x2][0x1c][0xffffff96][0x7][0xffffff8c][0xffffffd8]w[0xffffffa0]z[0xffffffe8][0x1]>kP[0xffffff84][0xffffffdb]^[0x8][0xffffff86][\n]"
21:15:25.890 [main] DEBUG org.apache.hc.client5.http.wire - http-outgoing-0 << "[0xffffff87]N[0x9][0x17]zf[0xffffffb1][0xffffffa2][0x1e][0x13]u[0x1e]H[0xfffffff3][0x14]D[0xffffff81]7[0xffffff89]32[0xffffff90][0x6][0xfffffffa][0xffffff87][0xffffffa7][0x6][0xffffffe4]mo[0xffffffe1][0xffffff86]T[0xffffffc5][0xffffffe0]YV!K[0xffffff8b]m[0xffffff89]P[0xffffffec][0x11][0xffffffb4][0xffffff81][0xffffffc1]Z2[0xffffffbc]R}[0xffffffd4][0xffffffe6][0x10]<[0xffffff8f][0x13]r[0xffffff89][0xffffff89]\[0xffffffeb]A[0xffffffcc][0xfffffff2]A[0xffffff80][0xffffffb2][0xfffffffc]x[0x13]|[0xffffffcf][0x1][0xffffffca]J[0xffffffb6][0xffffff87][0xffffffa4]By[0xffffffb2]J[0x5][0xffffffc0][0x9]P[0xffffffee][0xffffffec]T[0xffffffc6][0xfffffff7][0xffffff92][0xffffffad][0xffffffde]%m}[0x10][0xffffff81][0xffffff83]o[0xffffffe0][0xffffff97]y[0xc][0xffffff8d][0xffffffeb]2[0x1][0xfffffff1]:>~\[0x7][0x2][0x6][0xffffffba][0xffffffa6][0x3][0x13]F9[0xffffffe0]F[0x1f][N([0xffffff9a]&.[0xffffffef].uS[0xffffffc7][0xffffffac][0xffffff93]Cc[0xe]&z[0xffffffa6]:1[0xffffffcd]4![0xffffff83][0x1a]*[0xffffffc6][0xffffff99]xqDyT4[0xffffffde][0xffffff80][0xffffffef][0xffffffd3]h[0x6][0xffffffc5]L[0x12][0xffffff81]2[0xfffffffd][0xffffffef][0x4]X>b[0xffffffee]z[0xffffff94]O%[0xffffffae][0xfffffff0]([0xffffffc5]|[0xfffffffe]8[0xffffffb3][0xfffffff5]Lr5[0xffffffba][0xffffffbf][0xffffffcf][0xffffffe1][0xffffffc9]J[0xffffffc2][0xffffffec]l[0xffffff92]*p[0xffffffdf][0x1b][0xffffffe9]1[0xffffffb8]/[0xffffff86][0xffffff9a]O[0xffffffbe][0xffffffef][0xffffffe5]-[0xffffff98]f[0xffffffd0][0xffffffcc]Q4[0x7][0xfffffff7][0xffffffe4]'=[0x8][0xffffffd9][0x7][0xffffff82][0xffffffee]i[0x18][0xfffffffc][0xffffff90][0xffffff89][0xffffffe0][0xffffffa9]3[0xffffffc1]Enk[0xffffffa4][0xffffffe1]PO[0xffffffe8][0x11])C4[0x1][0x5]E![0xffffffc6][0xffffffbe][0xffffff83]3[0xffffffd8][0xffffff87]n@[0xffffffda]W[0xffffff86][0xffffff8a][0xffffffe9]V4N[0xffffff98]y[0xffffffb2][0xffffffdb][\n]"
21:15:25.890 [main] DEBUG org.apache.hc.client5.http.wire - http-outgoing-0 << "([0xc][0x12]I[0xffffff8a][0xffffff8e][0x8]#[0x1a][0xf][0x8][0xffffffcb][0xffffffb7][0xffffffb7] PwO*[0xffffff8f][0x1e][0x1d][0xffffff90][0xffffffea]%}~x{[0xffffffdf]>[0xffffff8e][0xffffff94][0xffffff84]o>[0xffffffaa][0xffffffb7]2[0xffffffb9][0xffffff9c][0xffffff8d]R[0x1]o[0xffffffd4]Y[0xffffffee][0xffffffcd]T[0xffffffc6][0xfffffff7][0xffffffe2][0xffffffd9][0xffffffdf][0x1b][0xffffffde][0xffffffbc][0xffffffb5][0x11][0xffffff82][0x6][0xffffffce][0xffffffc8][0xfffffffd][0xffffffa3][0xfffffff6][0xffffff9f][0xffffffe7]PC[0xfffffffb][0xffffff92][0xffffffba]dZ[[0xf][0xffffffc3][0x18]Y[0xfffffff1][0x0]x[0xffffff87][0xe][0xffffffad])'[0x6]:M[0xffffffe4][0xffffff8f][0x3][0x7f]u[0xffffffae][0xffffffcb]Yg0[0x3]$[0xffffffbb][0xffffff9e][0xffffffd4][0xffffff93]z"[0xffffffd4]m3RX[0xffffffd4])[0xffffffef]Vx#[0xffffffab][0xe][0x12][0x2][0xffffffcd][0xffffffaf][0xffffffbc]Xb[0xfffffff5][0xffffffd5]}[0x19]}[0xffffffb1][0xffffffa8][0xffffffb1][0xffffffd1][0x1c]+N[0xffffffd5][0x9][0xffffff83][0x18]U[0xffffff8e]M[0xffffffa0]nkb[0xffffff82][0xffffffac][0xffffffe1][0xfffffff5][0xffffffe8][0xffffffee]~[0xfffffffe]8^[0xffffffc3][0xffffff94][0xffffffeb][0xfffffffd][0xffffffdd]}[0xfffffff9]@Jb[0xffffff87][0x7f]w[0xffffff9f]?u_[0xffffffbf]|[0xfffffff9][0x3][0xffffff9b][0xffffff9c]7[0x1d]\"[0xffffff93][0xffffffb8][0xffffff92]V7[0xffffffdb][0xffffffa4][\n]"
21:15:25.890 [main] DEBUG org.apache.hc.client5.http.wire - http-outgoing-0 << "[0xffffffdc][0xffffffe7][0xffffff8d][0x10][0xffffffb7]V*[0xffffff81][0xffffffbb]t[0xfffffff4]}[0xffffffd1]M[0x11][0xffffff8d][0xffffffb1][0xffffffac][0xfffffff6][0xffffffc5][0xffffffef]i[0xffffffa4][0xffffffef][0xffffff82][0xffffffb6][0xffffff8d][0xfffffff7][0xffffff96]:[0xfffffff7][0x14][0xffffff90][0xffffffec][0x18][0xffffffb5]%[0xffffffdc][0xffffffb6]][0xffffffa6][0xffffff88][0xffffffc6][0xffffffc1]rg[0xffffffab][0xffffffce][0x13][0xffffff97][0xffffff8c][0xffffff82][0xffffffb5][0x1e])2[0xffffff87][0xffffffdd][0x7]&[0xffffffe2][0xffffff8c][0x1b][0xffffffa0][0xffffffe3][0xffffffbc][0x1d][0xffffffdd][0xffffff86]I[0xffffffa1]<[0xffffffe2][0xffffffbd][\r][0xffffffdd]tY)[0xffffffeb][0x12]x[0xffffffa3][0x4][0xffffff97][0xffffff9b]@[0xffffff8b]3[0xffffffa3]l[0xfffffffd][0xffffffd0][0xffffffc7][0xffffffd2] [0xffffffaf]h[0xffffff89][0xffffffbe]t[0xffffffee][0xffffff9a]>b&<[0x7f][0xffffffdc][0xffffff8a]l[0xffffffea]&[0xffffffe8][0xffffffbe][0xfffffff2][0x12]V[0xffffff86][0xffffffdd][0xffffffb3]M[0xffffffea][0xffffffd0]}o[0xffffffa5][0x12][0xffffffba]KG[0xffffffdf][0x13][0xffffffdd]TL[0x2][0xffffff99][0xffffffde];h;Q[0xfffffff0][0x13]0[0xffffffcf]4%n[\r]g [0xfffffff5][0xffffff93][0xffffffca]L[0xffffff9c]![0x12]^[0xffffffc7]<[0xffffffd5][0x19][0xffffff91]v[0xffffffe2]B[0xfffffff7][0xffffffac][0x16][0xffffffa0][0xffffffbe][0xffffffd2][0xf][0xffffffa3][0xffffff82][0xffffffa1][0xffffffa3][0x15][0xffffffe4]5D[0xffffffd3]\EZ[0xffffffc9][0xffffffce][\r]2Z[0xffffffb7]-[0xffffffad]<E[0xffffff94][0xffffff9a]X[0x1a][0xffffffc8][0xffffff9a]bkGg[0x15][0x1]z[0xffffffa1]LO[0xffffff93]W*[0xffffffe7]EY[0xffffffde][0x19][0xe][0xffffffc1][0xfffffff3][0xffffffc7]5[0xffffffcc]6[0xffffffdb][0xffffffe6][0xffffffee]>G[0xffffffdd]+[0xffffffc9][0xffffff9d][0xffffffb3]E*[0xffffffb0]}[0x19][0xffffff86]~f[0xffffffa3]2[0xffffffb6]o[0xffffffed]4[0x1f]|_l{z[0xffffff96][0x8][0xffffffbd]6[0xffffff8f][0xffffffba]5`[0xffffff86][0xffffff88][0x1c][0xffffffba][0xffffffcc][0xfffffff7][0x1f] [0xffffffcb][0xffffffd0][0xffffffe1][0x17]>[0xffffffa9][0xffffff91][\r]M[0xffffff92][0xffffffc1]d"[0xffffffd0][0xffffff89],[0xffffff93][0xfffffff1][0x7f]d2#[0xffffffcf][0xffffffb0]z[0x6]1@xgC[0xffffffbe][0xffffffe3]+[0xffffffd8][0xfffffffe][0xffffffd2]e[0x5][0xffffff83][0xffffff8d][0xffffffd8][0xffffffa6][0xf]i[0xffffffe9][0xffffffc6][0xffffffe5][0xffffffc1]eq[0xffffffa3][0xffffff94][0xfffffffc][0xffffffa2][0xffffffa7][0xffffffc3][0xffffffba]&[0xffffffff][0xffffff9b]`A[0x6][0x15]Dw[0xffffff80][0xffffffec][0x9][0xffffffbb][0xfffffff4]A[0xffffffd0]}[0xfffffffb]8T[0xffffffe7][0xfffffffc]NX([0x9][0xffffffd6][0xffffff84]%++[0xffffffde][0xffffffb3]I[0xffffffaa][0xffffffc0]}o[0xffffffa4]2[0xffffffb6]gC[0xffffffdd][0xffffff9e]|_lCjd|[0xffffffe9][0x1d]b[0xffffffee](3[0xffffffdf][0x1e]q16[0xffffff8b][0xfffffff5]l[0xc][0x1b][0xffffffe1][0xffffffe2]g[0xffffffe0]R[0x1d][0xffffffd1][0x6]A[0x18]F[0xffffff8b]5[0xffffffd4][0xffffffc9][0x1e]FT[0xffffffa4][\r][0xffffff8e][0xffffffbe][0xfffffff1](([0x10]fAX[0x14][0xfffffffc]*[0xffffff88][0xfffffff9][0xfffffff9][0xffffff96]0Gm[0xffffffce]-17[0x17][0xfffffff1]Q[0xfffffffd][0x15][0xffffffb7][0xffffff90][0xffffffa6][0xffffffa4]d[0xffffffc1]E[0xc][0x7]0[0xffffff97][0xffffffc4][0x18]G[0xffffffe6][0xffffffd2][0xffffff84][0xffffffde][0xffffffa9][0x1e][0xffffff91][0xffffff8c][0xffffff9f]?[0xffffffce][0xffffffde]/[0xffffffa4][0xffffffd3]ZF%kC[0xffffffee][0xffffffd9]$[0x15][0xffffffd8][0xffffffe6][0xffffffe0][0xfffffff7]F*[0xffffff83][0xfffffffb][0xffffffd6]P[0xfffffff3][0xffffffc9]w[0x6]7[0xffffffc4]vB[0xffffffe3][0xffffffe6][0x17]7[0xffffffec]DEY;1[0xffffff8b]5[0xffffffa4]a@V[0xffffff92][0xfffffffa][0xffffff89][0xc][0xffffffd0]gs[0xffffffca]H[0xffffff80][0x1d]z[0xffffffcb][0xffffffdd][0xffffffee][0x11][0xb]cq[0x1e][0xffffffff][0xffffffe8]z[0xffffffca]%<2[0xffffffa2][0xffffffb8][0xffffff87]$[0xffffffd8][0xffffffdb]Cn[0xffffffa6]&[0xffffffe9][0xfffffff8][0xffffffbf]-[0xffffffa1][0x14][0x7]H[0xffffff9e][0xffffffe6]F[0xffffffb0][0xfffffffb][0xffffffee][0xffffffe6]fy[0xffffffde][0xffffff89]o[0xffffffc2]X#[0x7f][0xfffffffa][0xffffff90][0x1d][0xffffffa1][0xffffffd8][0xffffff8d][0x7][0xffffffdc]7[0xffffff8f][0xffffffeb][0xffffffdc][0xffffffa7]Z[0xffffff90]iy[0xffffffc3][0xffffffcd]}[0xe]JV[0x12][0xffffff81]g[0xffffff8b][0xffffffd4]a[0xfffffffb]4[0x6]|k[0xffffffa3][0x7][0xffffffd8]^<[0xfffffff8][0xffffffbe][0xffffffd8]F[0xffffff80][0xffffff88][0xffffffbe]s[0xfffffffb][0xffffff89]*6vQ.1c[0xffffff84]A[0xffffff95]7qQX[0xffffffe8][0xffffff85]`[0xffffffe3][0xffffff9d][0xffffffd1]#D[0x12][0xffffffcb]8[0xffffffa2]f[0xffffffa9][0x17][0xffffffa0][0xe][0xffffff8e]YE[0x16][0x12][0xffffff8d][0xffffffce]#[0xffffffbc][0xffffffc2][0xffffffd0][0xffffffe2](t[0xffffffcd][\n]"
21:15:25.891 [main] DEBUG org.apache.hc.client5.http.wire - http-outgoing-0 << ""[0x6]Qh[0x16][0xffffff99]-[0x1][0xfffffff7][0xffffffa5]X[0xffffffa2][0xfffffff8][0xffffffdc][0xffffffe8];[0x15][0x16]C[0x12]A#^[0xffffff87]l[0x17][0xffffff8c]][0xffffffae]0[0xffffffe4][0xffffff8a][0xffffffe0];?,[0xffffff96]<[0x7f]\3[0xffffffdb][0xffffffbf]4[0xffffffe7][0xfffffffe][0x6]l_[0xffffff8b]%+E[0xffffffbb]f[0xffffff9b]4@[0xfffffff7]3+[0xffffff95][0xffffffd0]]:[0xfffffffa][0xffffffbe][0xffffffe8][0xffffffe6][0xffffffd5]J([0xffffffdc][0xffffffbe]XB[0xffffff93][0xffffffbd]g[0xfffffffc]/[0xffffff8e]H[0xffffff9b][0xc][0xffffff82][0xffffffd6]c[0x12]#do"[0xe]f[0xffffffd0][0xffffffa7][0xffffff81][0xffffff96][0x19][0xffffff8b][0xffffffb4]4[0xffffffd3][0xffffffb5][0xffffff91][[0xffffff9d]M[0xffffffa8]1OOP+[0xb]L[0xb]"N_[0xffffffa1][0xffffffaf]mM[0xffffffde][0xffffffa2]j7[0x16]Kr[0x10]Me[0xffffff94][0xffffffd1][0xc]I[0xffffff80]Z*[0xffffff96]d[0xffffff80][0xffffffe7]6|&[0xffffffe3][0xffffffc2][0x14][0xc]4Y[0x1f][\r][0xffffffa4]/?[0xfffffffe][0xffffffb2]M[0xfffffff9][0x6]t[0xffffff9f][0xffffff8b]%qe[0xffffffc8]=[0xffffff9b][0xffffffa4][0xe][0xffffffdc][0xfffffff7]F*[0xffffff83]{[0xffffffc9]P[0xffffffef][0xffffffdf][0xffffffa3][0xffffffbc][0xffffffad]sC[0xffffffa7][0x0]Q[0xffffffcc][0xffffffd6]5[0xf]K[0xffffffd8][0x14][0xffffff97]k[0xffffffdc]t[0xffffff88]@y[0xffffffa7][0x5][0xffffffbd]H[0xffffffa5]R[0x1c]r[0xffffff88][0xffffffaf][0xffffffb2][0xffffffea][0xffffffb5][0xffffff9c][0xffffffd8]R[0x1a][0x11]`cv[0x9]n[0xffffffa0][0xffffff8a][0xffffffa3]bX[0xffffffc9][0xffffffaa]1)[0xffffff8a]([0x15][0xffffff83]}[0x4]%l[0x13][0xffffffd6][T}/[0xffffffdc]7:3[0xffffffd0]`c9,aM[0xf]5[0x3]z[0xfffffff5][0xffffffac][0xffffffcd][0xffffffa2][0xffffffe3]C[0xffffff9d][0xffffffe9][0xffffffe1][0xffffff8c][0xffffffd2][0xfffffff2][0xffffffe3][\r][0xffffffc0]}[0xe]KV[0xffffffd2][0xffffffc6]g[0xffffff8b]T`{[0xffffffd1]F%l[0xffffff97][0xe][0xffffffbe][0xffffffeb][0xffffffc5]M[0xffffffc3]P[0xffffff90]m[0xffffffb4][0xffffffaf][0xffffff95][0xffffffc0][0xffffffd6]6[0x16]jkVG[0xffffff94]][0xf][0xffffff85][0xffffff84][0xffffffe5]"[0xfffffffc]MI[0x10][0xffffffe9][0x1][0xffffff90][0x1d][0x18][0xffffffb7][0xb][0xffffffa8]V[0x13][0x16]u[0xffffffe8][0xffffff87][0xfffffff4][0xffffff91]=[0xffffffa3]y[0xffffffcc][0xffffff88][0xffffffff][0xffffffc7]pkE[0x1d][0xffffff90][0xffffffe4][0xffffffe5][0xffffffa8][0xffffffed][0xffffffb3]![0xffffff9f][0xffffffe4]sc[0xffffffd3]A[0xffffff8e]6[0xe][0xffffff88]6R[0x12].][0xffffffdc][0xffffffe8][0xffffffef][0x1e]CI[0xffffff8a]%[0xffffffe4][0xffffff93][0x14][0xffffffe4]Y[0xffffffa8][0xfffffffb] [0xffffffe4]^~[0xffffffbc][0x1][0xffffffb6][0xffffffaf]a[0xffffffc9][0xffffffca][0xfffffffe][0xfffffffb]l[0xffffff93]:t[0xffffffdf][[0xffffffa9][0xffffff8c][0xffffffee]%K[0xffffffed]}sC[0xffffffb8][0xffffffa6]|[0xffffffd1][0xfffffffe][0xffffffe6][0x1e]SO[0xffffff9f]FMh[0x19]P[0xffffffba][0xffffff8e]t[0xffffffd9][0xffffffd3]@6I[0xffffffab]L [0xfffffff9][0xffffff81]ln[0x1c]G[0xffffff85][0xffffff96][0x14][0xffffffe5]B[0xffffffe3][0xfffffffa]0L22[0xfffffff8][0x3][0xffffffe7][0xffffffc4][0xffffffa4][0x1]2lE%[0x10][0xffffffce][0x7][0xffffffe5]g[0xffffffbf][0xffffff8d][0x1d]H[0xffffffe5][0xffffff9a]B[0xffffffb7][0xffffffd2][0x7]*[0xffffffc2][0xffffffb7]Y[0xffffffdf][0xffffff8b][0xffffff84]R[0x1e]urH[0xffffffac][0xffffffb8][0xffffffbc][0x15]{[0xffffffa8]`[0xffffffe5]?[0xffffffaa][0xffffff96],?[0xffffffde][0x0][0xffffffdd][0xffffff97][0xffffffb0]de[0xffffffcc]=[0xffffff9b][0xffffffa4][0x2][0xffffffdc]d&[0xfffffff7]F*[0xffffff83]{[0xffffffc9]P{[0xffffff83][0xffffff9b][0xffffff97][0xffffffb0][0xffffffa0]s[0xffffffd6]<,a[0xffffffd3] [0xffffffe5]k[0xffffff83][0xffffffde]fJ[0xffffffe4]h[0x3][0xc])[0xffffff84][0x4][\r]RO[0xffffffc4][0xffffffa9]p[0xffffffba]E[0xffffffc7]p[0xffffff83][0x18]`[0x9]"[0xffffffa7]I[0xffffffab][0xffffff92][0xffffffb5]P[0xffffff84][0xffffffe1]}[0xffffffc7]([0xf]L[0xffffffae][0xffffffbe][0xffffff82]9[0x5][0xffffffd1][0x16][0xffffffa9][0xffffffd9]\[0xffffffb9][0xffffffdf]R[\n]"
21:15:25.891 [main] DEBUG org.apache.hc.client5.http.wire - http-outgoing-0 << "[0x4][0xffffffb0][0xffffffd0][0xfffffffd][0xfffffffc][0x1][0xffffffb2]6[0xffffffd5][0xffffff96][0xffffffc5][0xffffffab][0xffffff9b][0xffffff8b][0xffffff98]<[0xffffffe9]H[0xffffffff]4[0xffffffec][0xffffff8d]&&[0xffffff80][0xffffff8f]^[0xffffffd6][0xffffffe8](>[0xffffffde][0x0][0xffffffdc][0xffffffd7][0xffffffab]{e[0x13]g[0xffffffb6]I[0x1d][0xffffffba][0xffffffef][0xffffffad][0xffffffb4][0xffffff88][0xffffffee][0x7]G[0xffffffdf]70A'[0xffffff99][0xffffff98][0xffffffa1]}F)[0xffffffa9]| [0xfffffffb][0xffffffa7][0xffffffb3][0xffffffba][0x19][0x18][0xffffffb6][0xffffffac]n[0xe][0x1d][0xffffffea][0x7f][0xffffff8c][0xffffffe9] n[0xffffffa6][0xffffffb8][0xffffffae]i[0xffffffec][0x4][0xfffffff6][0x6]2'[0xc][0xffffffe3][0xffffff95][0xfffffffd][0x0][0xfffffff0][0x2]![0xe][0xffffffc2][0xffffffd7][0xffffff80]Zm+[0xffffffc8]%0ye[0xffffff96][0xffffffb9][0xffffffd8][0xffffff8c]n[0xffffff9a]8Y[0xffffff8b][0x1c][\n]"
21:15:25.892 [main] DEBUG org.apache.hc.client5.http.wire - http-outgoing-0 << "[0xfffffff4][0xffffffb2]d[0xffffffd3][0xfffffff1]3[0xffffffcb]7[0x12]7[0xffffff98][0xffffffcb][0x1b][0xffffff9b][0xffffff88][0xffffffee][0xffffffe9][0x11][0xffffff94][0x2][0xffffff93][0xffffffe2][0xffffffe3][\r][0xffffffd0]}[0xe][0xffffffba]W[0xffffff92][0xffffffba]g[0xffffff8b]Tc[0xfffffffb][0xffffff85][0xffffff8d][0xffffffca][0xffffffd8]^[0xffffffb2][0xffffffd3][0xffffffce]77[0xffffffa5]/[\n]"
21:15:25.892 [main] DEBUG org.apache.hc.client5.http.wire - http-outgoing-0 << "T[0xffffffb2][0xfffffffd]LN[0xffffff96][0xffffff8e]Dk|[0xffffff8a]}[0xffffffc7][0xffffffb8]Y[0xffffffa7][0xffffffbb][0x14][0xffffffa8][\r]2[0xffffff81]#G[0xffffffd7][0xfffffff1];[0xffffff86][0xffffffc8][0x8][0xffffff9a][0xffffffa7][0x9]?A[0x7][0xffffffb4][0xfffffff0]`Q[0xffffff91][0xffffff85][0xffffffd2][0xffffffef][0xffffff99][0xffffffb0][0xfffffff4][0xffffff94][0xffffffc6]+[0xffffffa8]%[0xffffff90][0xfffffff5][0xffffffa8]nnZy[0xffffffc9][0x1b][0xffffff97][0xffffffad]JP[0xffffffde][0xffffff90][0x18][0xffffff93][0xffffffe8][0xffffff91][0x17][0xffffffb1][\r]^[0xffffffe9]P[0x1e][0xffffffb1][0xffffff8d][0xffffff84]?[0xffffffd3][0xfffffffb][0xffffffa2]8[0xffffff8a][0xffffffcc][0xffffffa3][0xffffff8b]O7@[0xfffffff6]%(Y[0x19]q[0xffffffcf][0x6][0xffffffa9][0xffffff83][0xfffffff6][0xffffffbd][0xffffff89]J[0xffffffd0].[0x1c]|[0xffffffd7][[0xffffffdb]3[0xffffffc5]Ho[0xffffffb0][0xfffffffd]<[0xffffffe5]dXA[0xffffff81][0x18][0xffffff98][0xffffffa7][0xffffffdf][0xffffffcc][0xffffff94][0x19][0xb]*[0xffffffa1][0xffffff97][0xffffffc0][0xffffff9c][0xffffffe2]N[0xffffffcc][0xb][0xffffff97][0xfffffff2]j[\n]"
21:15:25.892 [main] DEBUG org.apache.hc.client5.http.wire - http-outgoing-0 << "[0xffffff8a]%[\n]"
21:15:25.892 [main] DEBUG org.apache.hc.client5.http.wire - http-outgoing-0 << "[0xffffff85][0xffffffe4][0xffffff8e][0x10][0x2][0xffffffdd]![0x6][0x19][0xffffff81][0xfffffffc][0xffffffc4][0xffffffe4][0xfffffff0][0xffffffe8][0x7]]qkK[0x6]s[0xffffffe9][0xffffff8a]oQ@6[0xffffffc7]){[0xffffff95]5[0xffffff90]XQ[0xffffffa4][0xfffffff3][0xffffff88][0xffffffcd][0x2]i[0xffffffea][0xffffff88]UA[0xffffff95];[0xffffff8b]%e[0x19][0xb]L[0xffffffc7]o[0xfffffff6][0xffffffe0][0xffffffd6]^~[0xffffffbc][0x1][0xffffffb6][0xffffffaf]1[0xffffffc9][0xffffffca][0x1e][0xffffffce]l[0xffffff93][\n]"
21:15:25.892 [main] DEBUG org.apache.hc.client5.http.wire - http-outgoing-0 << "p/Z[0xffffffa9][0xc][0xffffffee]%K[0xffffffed]}o3[0xffffffcf]H[0xffffff80][0xffffffd0][0xfffffffe][0xffffffde][0xffffffa6]}3[0xfffffff4][0xffffff81][0xffffff96][0xfffffffb][0xffffffa8][0xffffff87][0xffffffc8]j[0xffffffef]q[0x1a][0xffffffa0][0xffffffbc][0xffffffe6][0xffffffed]x[0xc][0xffffffe8][0xffffff8c][0xffffffa6]G+/[0xffffff84][0xffffffc9][0xe][0xffffff8c][0xffffffc7][0xffffff93]=*[0xffffffb4]_[0xffffffbd]c_q4[0x3][0xffffffbb][0x19][0xffffff83][0xffffffa9][0xffffffb8][0xffffffb7][0xffffff99][0xffffffef][0xffffffc9]*][0xffffffdb]#n[0xffffffd6]H[0xffffff98][0xffffff9c]N[0xfffffff2]'y[0xffffff80]n[0xffffffee][0xffffffed]@9<[0xffffff8b][0x15][0xffffffd1][0xfffffffd][\n]"
21:15:25.892 [main] DEBUG org.apache.hc.client5.http.wire - http-outgoing-0 << "[0xffffffb6]Hx=9[0xffffffc3][0xffffffc2][0xffffffe3][\r][0xffffffd0]}[0xffffff8e]IVr[0xffffffb9]g[0xffffff8b]T`[0xfffffffb][0xffffffda][0xffffffe7][0xffffffba][0xffffffb5][0xffffffd1][0x3]l/[0x1e]|[0xffffffdf][0xffffff9b];o[0xffffff9d][0x16]Y[0xffffffe8][0xffffffbd][0xfffffff1][0x1c][0xe][0xffffffbd]I[0xffffffa5][0xffffffb3][0xffffffbc][0xffffffa3][0xffffffce][[0xffffffe9],[0x3][0x8][0xffffffc8][0xffffffd3][0xffffffb3][0xffffffe1][0x1][0xffffffc1]z[0x6][0xffffffe1][0xffffffd9][0xffffffb5][0xffffffed][0xffffffe0]A#[0xffffff97][0xffffffcd][0x3][0x3][0xffffffbd][0xfffffff6][0xffffff91][0xffffffed]v[0xfffffffc][0xffffff93]u[0xffffff88]c?Q[0xffffffc7][0xffffffab]X[0xffffff91]b[0xffffffe8][0xffffffeb][0xffffffd3][0xfffffff4][0xffffffdc]H[0xffffffe6]>[0xffffffae][0xffffffe1]&[0xffffff86][0xffffffe6]=[0xffffffc3]p\[0x9][0xffffffdb][0xffffffac][0xffffffca]9[0xffffffae]H[0x11][0xffffffc7][0xfffffff5]RPsM[0x1e][0xffffffda]Y[0xffffffee][0xffffffbd][0xffffff83][0xffffffed][0xffffffe5][0xffffffc7][0x1b]`[0xfffffffb][0x12][0xffffff95][0xffffffac]L&g[0xffffff93][0xffffffd4][0xffffff81][0xfffffffb][0xffffffde]H%p[0xffffff97]N[0xffffffbe]/[0xffffffb8][0x19][0xffffffa9][\n]"
21:15:25.893 [main] DEBUG org.apache.hc.client5.http.wire - http-outgoing-0 << "\[0xffffff9b][0xffffffcd][0xffffffc1][0xffffff8d][0xffffffe2][0xffffffaf][0x1a][0xffffffc3][0xffffff80][0xffffff84]I[0xffffffcf]V_[0xffffffd4][0xffffff9a])6[0xffffffe6][0x11][0xffffffc9][0xffffffa8]:[0xffffffe8]#[0xffffffbd][0xffffffa7][0xffffff8e]B[0xffffffeb][0xffffff9d][0xffffffcd][\r]hcS[0xffffffe9]f[0xffffffd9][0xffffffa9]gu[0x3][0x13];[0xffffff90][0xffffffc0][0xffffffc7][0xffffffc1]V[0xffffff80];[0xffffff8f])[0xffffff90][0xffffffe4]m[0x9]K[0xffffff8e][0xffffffeb][0x7f]5u@fk[0xffffff88]Kr[0xfffffff9]c9,a[0xffffffa1][0xf]/g[0xffffffda][0xffffff93]GJ [0xffffffaa]I[0xffffffac][0xffffffc1]z[0x8][0xffffffee][0xffffffa5][0xffffffc7][0x1b][0xffffff80][0xfffffffb][0x1a][0xffffff96][0xffffffac][0xffffffec][0xffffffe1][0xffffffcc]6[0xffffffa9]B[0xfffffff7][0xffffff82][0xffffff95][0xffffffca][0xffffffe8]^>[0xfffffffa][0xffffffbe][0xffffffe8]F[0xffffffda][0xffffff8a];[0xffffffb4]=[0xffffffba]I[0x17][0xffffffd1][0xffffffe1]a[0xfffffff0]w[0xffffffd2]l[0xffffffb7][0xffffff8e]n[0xffffffea]$[0xffffff8a]V\[0xffffffcc]11[0xffffffe1][0xffffff98]2[0x2]G[0x15][0xffffffd0][0x18][0xffffffe5]_[0xffffff84]+[0xffffff94][0x6][0xffffffdd][0xffffffa4]M[0xffffff8f][0xffffff98][0xc][0xffffffb1]K4[0x15][0xffffffcd]w[0xffffffc5][0xffffffa4][0x1][0xffffffbd][0xfffffffd]mSf[0xffffffe7][0x9][0x13]F(Q./l[0xffffff84];[0xffffffde][0xffffffc5][0xffffff84][0xffffff92][0xffffff99][0xffffffcb][0xffffffcd]([0xe]\n[0xffffff9a]8[0xffffffe5])[0xffffffb3][0xffffffe2][0xffffffe3][\r][0xffffffd0]}[0xe]KV[0xffffffce])[0xffffffcc][0x16][0xffffffa9][0xffffffc2][0xfffffff6][0xffffff82][0xffffff8d][0xffffffca][0xffffffd8]^[0xffffffb2][0xffffffd3][0xffffffce]!7[0xfffffff3][0xffffff8c]([0xffffff89][0xffffffbc][0x3][0xffffff97][0xffffff9b][0xffffffca][0x7][0xffffffa0]f.![\r][0xffffff90]/[0xffffffe8][0xffffffdb]0[0xffffff86]l[0xfffffffb][0xffffff9e]Q[0x1b][0xffffffe4][0xe][0xffffffed][0x8][0xfffffff9][0xffffff83]E[0xffffffa1][0xfffffff4][0xffffffae][0xffffff91]<`w[0xffffff88]A[0xe][0xffffff82]Q[0x6]z:[0xffffff94][0xe][0xffffffc7][0x1][0xffffffde][0xffffffc9][0xffffffdb])[0xffffff81](a[0xfffffff2]R[0xffffffd8][0xffffffb4][0xffffffb9][0xffffffed]D[0xffffffe5][0xffffffa4]T[0xffffffa2][0xe]D[0xfffffffb][0xc][0xfffffff1][0x14]n[0xffffffee][0xffffffbc][0x1e][0x4]Q][0x14]u[0x9][0xffffffb9][0xffffff91][0xffffffab][0xffffffd2][0xffffff91]rO[0xfffffff9][0xffffffe6].<[0xffffffde][0x0][0xffffffdb][0xffffff97][0xffffffb0]de>9[0xffffff9b][0xffffffa4][0xe][0xffffffdc][0xffffffc7]![0xffffff9c]gF*[0xffffff80][0xffffffbb]x[0xfffffff2]]/[0xffffffee][0xffffffbc][0xfffffff3];[0xffffffcf]86[0xf]K[0xffffffc0])[0xffffff83][0xffffffc7]L[0xffffff90]Q)[0xffffffb1][0xffffff8e][0xfffffffe]:[0xfffffff3][0xffffffe8][0xffffffd4][0xffffffd3]'m[0xfffffff9][0xffffff92][0x1d][0x12][0xffffffeb][0xffffffa3][0x19][0xffffff84]Gp-o[0xffffff9b][0xffffffed][0x11]W[0xffffffa3][0xffffffe2][0xffffff8d][0xffffff94]'[0xffffff94]W4[0xffffffcb][0x10][0xffffffc6]};[0xffffffb8][0x19][0xffffff83][0xffffffa0]\b7[0xffffffc6][0xffffffdc]G.'[0xffffffe2]%L[0xffffffef][0xffffffc4][0xffffffb0][0xffffffdc]|[0xffffffcf][0xffffffcd][0xffffffc6][0xffffff8f][0x12]b[0xffffffc9][0xffffffa9]K[0xffffffa7]X[0xffffffe5][0xffffffc9][0x18][0xffffffdd][0xffffff83]B`[0xffffffe1][0xfffffff1][0x6][0xffffffe0]>][0xffffffdc]~[0xffffffed][0xfffffff8][0xffffffe4][0xffffffd5]"u[0xffffffd8][0xffffffbe][0xffffffb7]Q[0x19][0xffffffdb]Kv[0xffffffda][0xfffffffb][0xffffffe2]Ff[0xffffff8f][0xffffff8d][0xffffff9b][0xffffffed][0xffffff89]%[0x3][0xffffff82]m[0xffffffd4][0x1][0xffffffb9][0xffffff8c][0x19][0xffffffb1][0xffffff81][[0xffffffe2][0xffffffba].c\![0x19]H?[0xffffff87]ia[0xffffffe8]Z([0xffffff97]0AL{4[0xffffffb7]2[0xffffff99]c[0xffffffb0][0x14][0xffffffd6]r[0xffffff9f][0x12][0xffffff86]lM%[0xffffff90]t[0xffffff92])[0xffffffcd]-[0xffffffba][0xe][0xffffffc7][0xffffff8b][0xffffffdb][0xffffffc4]'[0xffffffcb]d[0xffffff8d][0xffffffca][0xffffffcb])[0xffffffca][0x17][0xffffffb7]d|[0xffffff92]J [0xfffffff5]^[0xffffff9a]'Pd[0x1e][0xffffffb4]o2[0xffffffb4][0xffffffef][0xffffff9f]n[0xffffff80][0xffffffec]k[0xffffffc0][0xffffffbd][0xffffffb2][0x7f]CVu[0xffffffb6]H[0x1d][0xffffffb6][0xffffffef]m[0xfffffff4][0x0][0xffffffdb]K'[0xffffffdf][0xfffffff7][0xffffffda][0xffffffce][0xffffffd0][0xffffff86]Y[0xffffffd2][0xfffffffc][0xffffffda][0xffffff9e][0x12][0xffffffbb][0xffffff97]c[0xffffffca]S[0xffffffed]f[0xffffff82]=[0xffffff82]$2[0xffffffbb][0xffffff96][0xffffffb5]F[0xfffffff5][0xffffff9f][0xffffff88][0x4]A5[0xffffffc7][0xffffff86]Y4[0xffffffa8][0xffffffd8]l[0xffffffee][0xffffffc7][0x1][0xffffff91]5G[0xffffffd1][0x4][0xffffffba][0x9]j[0x10]Y[0xffffffcd][0xffffffa4]"&[0xffffffd1][0xffffffbc][0xffffff85]P[\r][0xffffffdc][0xffffffd6][0xffffff9a][0xffffffcc]u=[0x14]bE[0xffffffd6]=+[0xfffffff6][0xffffffdd]g[0xffffffac]f1[0xffffff8e][0xffffff83][0xffffffa4][0xffffff8d][0xffffff99][0xffffffd7][0xfffffff6][0xffffff95]*%[0xffffff85][0xffffffc7][0x1b]`[0xfffffffb][0x12][0xffffff92][0xffffffac][0xffffffcc]%g[0xffffff8b]TA[0xfffffffb][0xffffffde]F[0xffffffaf]"[0xfffffffb][0xffffff99][0xffffff9d]v[0xffffffbf][0xffffffb5]E[0xffffffde][0xffffffc7][0xffffffd7]^[0xffffffb0]$[0xffffffb1]5<N[0xfffffff9][0xfffffff5][0xffffffee]@[0xffffffeb][0xffffffc8][0xffffffdc][0xffffffbb][0x19]$e[0xffffffef][0xffffffa4]%[0x17]7[0xffffffc5][0xffffff92]q@S-[0xfffffff5]r[0xffffffb4],y%[0xffffff84][0xffffff90][0xffffffcc][0x9]{[0xffffff81][0xffffffe4][0x1a][0xffffffeb],[0xffffffb8][0xffffffd5][0xffffffab]"[0x12][\n]"
21:15:25.893 [main] DEBUG org.apache.hc.client5.http.wire - http-outgoing-0 << "[0xffffffdc]Y-}5[0xffffffa7][0xffffffe4]J[0xffffffe3]d,[0xffffff98]u[0xffffffc6][0xffffffea][0xffffffc1][0xffffffad]-[0xffffff8e][0xffffff95][[0xffffffa2]N[0xffffffb0][\r]?[0x17]9[0xfffffff4][0xffffff87][0xffffffd8]^z[0xffffffbc][0x1][0xffffffb6][0xffffffcf][0x11][0xffffffc9]J[0x1a]71[0xffffffda][0xffffffd9]"[0x15][0xffffffd0]^[0xffffffb4]Q[0x19][0xffffffdb][0xffffffcb][0x7][0xffffffdf][0xfffffff7][0xffffffda]f[0x10][0xffffff8b][0xffffffae]a[0xfffffffb][0xffffffd1]I[0x18][0xffffffd9]&[0xffffffb0][0xfffffff6][0xffffffbb][0xffffffb3][0xffffffb4]#[0xffffffc9]![0xffffffe9]LZ[0xffffff8f][0xffffffc6]+[0xffffff92][0xfffffff8]t[0xffffffd8]][0x18][0xffffffa8]=[0xffffffb2]g'L[0xffffff88]L[0xffffffb1][0xffffffa5][0xe][\r][0xffffff93]N[0xffffffa3][0xffffffd8][0xffffffc3][0xffffffdc][0xffffffce]$&B[0xffffff99][\n]"
21:15:25.893 [main] DEBUG org.apache.hc.client5.http.wire - http-outgoing-0 << "l3[0xffffff9f](t[0x1e][0xffffff98][[0xffffff8d][0xffffffed]kg[0x2][0xffffffaa]+[0xffffff93][0xffffff9c][0xffffffa5][0xffffffd6]$[0xffffffab]#[0x8]"[0xfffffff3][0xffffffce]<[0xffffffc8][0xffffffae][0xffffffec][0x0][0xffffff87]X[0xffffff95][0xffffffa7][0xffffffc5][0xffffff8a][0xffffffd7][0xfffffff6][0xfffffff2][0xffffffe3][\r][0xffffffa0]}[\r]IV[0xffffffb6]o[0xffffffa0]K[0xffffff9d]MR[0x1][0xffffffee]%#[0xffffff95][0xffffffb0]]:[0xfffffff9][0xffffffae][0xffffffd8]&[0x1a][0xffffffe1][0xffffffc2][0xffffffcc][0xffffffca][0x1e][0xffffff8d][0xffffffbb]7hJ[0xffffff8d][0xffffff94][0xfffffff2][0x10][0xb]d[0xffffff93]0"[0xe][0xffffffdd][0xffffff80][0xffffffa8][0x1a]j$[0xffffff84]*t)[0xffffffd9]v[0xffffffd7]1,[0xffffff9c][0x18]rG&[0xffffff90]/qo+[0xffffffe6][0xffffff80][0xffffff90][0xffffffbc]"[0xffffff8d][0xffffffe4][0xffffffa6][0xffffffaf][0xffffffa0]q+[0xffffffb2]HMw[0x7f][0x1b][0xffffffb6][0xffffffd9][0xffffffa8]{T[0xffffffb7][0xffffffe7]&f[\n]"
21:15:25.893 [main] DEBUG org.apache.hc.client5.http.wire - http-outgoing-0 << "[0xffffffac][0x14]m_>[0xffffffb3][0xffffffac][0xffffffd4]}[0xffffff94][0x9][0xffffff8c][0xffffff8f][0xffffffa2][0xffffffed][0xffffffc5][0xffffffa7][0x1b]@[0xfffffffb][0x12][0xffffff91][0xffffffac][0xc][0xffffffb6]g[0xffffff83][0xffffffd4]![0xfffffffb][0xffffffde]D[0xffffffaf]A[0xfffffffb][0xffffff99][0xffffff99]v[0xffffff8e]H[0xffffffd0]q[0xffffffa0][0xffffff94]a[0xffffffda][0xfffffff7]%;T[0xffffff89][\r] E[0xffffffcd][0xffffff81][0xffffffe9]vB[0x13][0xffffff87][0xffffffc6][0xffffffab][0x12][0xfffffffd] [0xffffffd4][0xffffffc8][0xffffffbf][0xffffffb3]T[0x1e][0xffffff93]f[0xffffffac][0x6]F[0xffffffab]$[0xffffffab][0x1a][0xffffffdb][0xffffff91]E[0xfffffff5][0xffffff83][0xffffffef]P[0xffffffe8]Fg$V[0x14][0xffffffb7]aO[0xfffffff0]"[0xfffffff2][[0xffffff8a][0xffffffdb]*/;[0xffffffa1]v[0xb]W[0xffffffca]2[0xffffff96]&[0xffffff8b]5[0x12]D[0xffffffe5][0xffffff8f]9g[0xffffffbe][0xffffffb9][0x5]=wg[0xfffffff3][0x14]Z[0xfffffff1][0xffffffda]^~[0xffffffbc][0x1][0xffffffb6][0xffffffaf][0xffffffd7][0xfffffff6][0xffffffca][0xfffffff2][0xfffffff6]l[0xffffff93][\n]"
21:15:25.894 [main] DEBUG org.apache.hc.client5.http.wire - http-outgoing-0 << "p/Z[0xffffffa9][0x4][0xffffffee][0xffffffd2][0xffffffd1][0xfffffff7][0xffffffbd][0xffffffb7][0xffffffb3][0xffffffec][0xc][0x1d][0xffffff88][0xffffffe6][0xfffffff7]6[0xffffff95]l[0xffffff96]Z[0xffffffb3][0xffffffcd]'[0xffffffeb][0x4][\n]"
21:15:25.894 [main] DEBUG org.apache.hc.client5.http.wire - http-outgoing-0 << "k;[0xffffffa8]"B[0xfffffff3]7[0xffffffaa][\r][0xffffffba][0xffffffe3][0x1f][0xffffffcc]'[0xc][0xffffff8c][0x4][0xffffffc3]yu,[0xffffffbb][0xffffff9e]"r<[0xffffff8c][0xfffffff3][\n]"
21:15:25.894 [main] DEBUG org.apache.hc.client5.http.wire - http-outgoing-0 << "~[0x19][0xffffffcc][0xffffffd1][0xffffffa9]B[0xffffffce][0xffffff81][0xffffffb1]G[0xffffff84][0xffffffc0]7[0xffffffb2]\O[0xfffffff2][0xffffffc5][0xfffffff0][0xffffffa5][0x18]V.[0xffffffb7]n[0x4][0xffffffea][0xffffffdc]t[0xffffffdd]Q[0xffffff98][0xffffffa2][0xffffffa2][0xffffffc2][0xfffffff8]M[0xffffffd6]t/j[0xffffff95]P0\~[0xffffffbc][0x1][0xffffffba][0xffffffcf][0xfffffff1][0xfffffff6][0xffffffca][0xfffffff9][0xffffff84][0xffffffd9]"[0x15][0xffffffd8][0xffffffbe]H[0x17]?[0xffffffb3]Q[0x9][0xffffffdb][0xffffffa5][0xffffff83][0xffffffef][0xffffff8b]mj[0xffffffce][0xffffffb9][0xffffffb3][0xffffffd2][0x1c][0xffffffdb][0xc][0xffffffd6][0xffffffb0]=g[0xffffff8a][0x2]z+[0xffffffaa]:4"[0xffffff95][\r][0xffffffb1][0xffffffd3]|[0xffffff89][0xfffffff2][0xffffffb5]pLI[0xffffff8e]C[0xffffffc7]~[0xffffffc4][0xfffffffc]ed[0xffffffa5]X[0xffffff91][0xffffffc2][0x4][0xffffffe5]q[0xffffffcd]|[0xffffffdf]9S[0xffffffd1]t[0xffffffe7]=[0xffffff94]s[0xffffffd2][0xffffff8d]l)[0xffffffa6]il[0xffffffde][0xffffffd6][0xffffff9e]ex[0xffffffca][0xffffffb9][0xffffffa4];[0xffffffde][0xffffffdc][0xfffffff9][0xffffff8a][0xffffffcf][0xfffffff3][0x9][0x11][0xffffffca]a"
21:15:25.896 [main] DEBUG org.apache.hc.client5.http.headers - http-outgoing-0 << HTTP/1.1 200 OK
21:15:25.897 [main] DEBUG org.apache.hc.client5.http.headers - http-outgoing-0 << date: Thu, 16 Mar 2023 21:15:25 GMT
21:15:25.897 [main] DEBUG org.apache.hc.client5.http.headers - http-outgoing-0 << content-type: application/json
21:15:25.897 [main] DEBUG org.apache.hc.client5.http.headers - http-outgoing-0 << transfer-encoding: chunked
21:15:25.897 [main] DEBUG org.apache.hc.client5.http.headers - http-outgoing-0 << x-ratelimit-limit: 180
21:15:25.897 [main] DEBUG org.apache.hc.client5.http.headers - http-outgoing-0 << x-ratelimit-reset: 1679001385
21:15:25.897 [main] DEBUG org.apache.hc.client5.http.headers - http-outgoing-0 << x-ratelimit-remaining: 180
21:15:25.897 [main] DEBUG org.apache.hc.client5.http.headers - http-outgoing-0 << x-trace-id: f407f11621448abb05a2fde3d328d81c
21:15:25.897 [main] DEBUG org.apache.hc.client5.http.headers - http-outgoing-0 << server: nginx
21:15:25.897 [main] DEBUG org.apache.hc.client5.http.headers - http-outgoing-0 << x-frame-options: deny
21:15:25.898 [main] DEBUG org.apache.hc.client5.http.headers - http-outgoing-0 << x-content-type-options: nosniff
21:15:25.898 [main] DEBUG org.apache.hc.client5.http.headers - http-outgoing-0 << x-xss-protection: 1; mode=block
21:15:25.898 [main] DEBUG org.apache.hc.client5.http.headers - http-outgoing-0 << content-encoding: gzip
21:15:25.898 [main] DEBUG org.apache.hc.client5.http.headers - http-outgoing-0 << strict-transport-security: max-age=31536000
21:15:25.902 [main] DEBUG org.apache.hc.client5.http.impl.classic.MainClientExec - ex-0000000001 connection can be kept alive for 3 MINUTES
21:15:25.923 [main] DEBUG org.apache.hc.client5.http.wire - http-outgoing-0 << "^[0xffffff96]P[0xffffffbc][0xffffffb9][0xffffff97][0x1f]o[0xffffff80][0xffffffed]KT[0xffffffb2]2[0xffffffde][0xffffff9e]MR[0x5][0xffffffee][0xffffffbc]Q[0xffffffe2][0xffffff85][0xffffff91][0xffffffca][0xffffffe0]^2[0xffffffd4][0xffffffde]a[0x9][0xfffffff9][0x1c][0xffffffdc][0xffffffbb][0xfffffff6][0xffffffad][0x1b][0x9])[0xffffff8a][0x9]I?[0xffffffa4][0x1e]e[0x1b]+z[0xffffffda][0xffffff91][0xffffffce]+"[0xf]z[0xffffff90]hI[0xffffffb1][0xffffff94][0x17][0xffffffee][0xffffff9f]pST[0x14][0xffffffb3][0xffffffc1][0xffffffa2][0xffffffe2][0xffffffcb][0xffffffa8]^B[0xfffffff4]f[0xffffffd5][0xffffffe1]P[0xffffffa1][0xffffffec][0xffffffca]&[0xffffffb7]H5wcy[0xfffffffb]4V[0xffffffc2][0xffffffee][0xffffff83][0xffffffe8]BA[0x1d][0xfffffff0]x[0x13]S[0x0]` X[0xfffffff3][0xffffffb8]#[0xffffff9b]D[0xffffffed][0xffffffb0]87Y|[0xffffffbc][0x1][0xffffffb8]/a[0xffffffc9][0xffffffda][0xffffff95][0xffffffd2][0xffffffb3]M[0xffffffea][0xffffffd0]}o[0xffffffa5]2[0xffffffba][0xffffff97],[0xffffffb5]3[0xffffffba]Y[0xffffffc2][0x4][0xfffffff4][0xffffffde]![0xffffff9d][0xffffff84][0xffffffc3][0xffffff8a]&w[0x8]JL[0xffffff81][0xb][0x1a][0xffffffd6][0xffffffb6][0x18][0xffffffa8][0xffffffaf][0xffffff85]ad[0x4]`@R[0xffffffcd][0xffffffd1]R[0xffffffc8]J[0xffffff97]T[0xffffffc0][0xffffff99][0xffffff80][0xffffffb7]LUBm[0xfffffff1][0xffffffec] [0xffffff84][0xffffff8b]B[0xffffffef][0xffffffbd][0xffffffa2]T[0xffffffe2][0x18]D[0xffffffb6][0x1b][0xffffffb7]*\[0xffffffd9][0x12][0xffffffac]4a[0xb]z)[0xffffff9d][0xffffffb4]GtS[\r]g@[0x1][0xffffffe9][0x7][0xffffffc3][0x1f][0xfffffff4]Q[0xffffffad]d[0xfffffff9][0xfffffff1][0x6][0xffffffe8]>[0xffffff87]%+'[0x14]0[0xffffffc7][0xffffffd9]"[0xffffffd5][0xffffffd8][0xffffff86][0xffffffea][0xffffff9e][0xffffffe9][0xffffffeb][0x17][0x1b][0xffffff95][0xffffffb0]]:[0xfffffff8][0xffffffae]a[0x9]C[0xffffff8a][0xffffffac][0x1b][0xb][0xffffffef][0xffffffc0][0xffffff96][0xffffff82][0xffffffaf]:e[0xffffffee][0xffffff88][0xffffff86][0xffffffcd][0xffffff9d][0xffffffc6][0xffffffc9][0xfffffff8][0xffffffd1]S[0xfffffff4][0x1b]b[0x18][0x13]2j[0xffffffcc]TN9[0xffffffda][0x6][0xffffffc6][0x8][0x3]Z[0xffffffe4]y[0x10]4[0xffffff9e][0xffffff88][0xffffffc4][0xffffff87][0xffffffbc]k[0xffffff81][0x5][0xffffffcf][0x15][0xffffffd8][0xffffffc6][0xfffffff4][0xffffffda][0xffffffe7]y[0xffffffa2][0xffffffd5]e@[0xffffff94][0xffffff88][0xffffff91][0xfffffffc][0xffffff83][0xffffffe2][0xffffffe7][0xe][0xffffffb4][0xffffff99][0xffffff98][0xffffffb3]+a[0xffffffdb][0x1c][0x17][0x1][0xffffff92]P[0xffffffd2][0xffffffa3][0xffffffa3][0xffffffd3]c[0xffffff88][0xffffffb5][0x1e][0xffffffb5]o[0xffffff96][0x1f]o[0xffffff80][0xffffffed][0xffffffeb][0xffffffcd][0xffffffbd][0xffffffb6][0xffffffc8]}[0xffffffb5]I[0x5][0xffffffba][0x17][0xffffffad]TBw[0xffffffe9][0xffffffe8][0xfffffffb][0xffffffa2][0x1b][0xfffffff9]It[0xffffffdf][0xffffffdb][0xffffffa3]{[0xffffffc8]W[0xffffffb7]H[0xffffffec]LfP,[0xb][0xffffffe3] [0x5]h[0xffffffd8]0[0xffffffce][0xfffffff8][0x18][0xffffff92][\r][0x1d][0xffffff89]$-I[0x12][0xffffffce]<[0x1c][0xffffffdc][0xffffff91]Rr[0xffffffa1][0xffffffb3][0x1c]*[0xffffffc7][0xffffffe5]S^[0xffffffda]WQ[0xffffffe4]F[0xffffff8f][0xffffff92][\r][0x11]rc[0xffffffd0]}[0xc][0xffffffa4][0x19][\n]"
21:15:25.924 [main] DEBUG org.apache.hc.client5.http.wire - http-outgoing-0 << "[0xffffffa6][0xffffff95][0xffffffe4][0xffffff8b]L[0xffffffd7][0xffffffac][0xffffffc9][\r][0xffffffba][0xffffffa9][0xffffff88][0xfffffff9][0xffffffdc][0xffffffa2][0xffffff97]P[0xffffffe0][0xffffffcb]k.[0xffffff89]K[0xffffff96][0x1f]o[0xffffff80][0xffffffee]K[0xffffffd0][0xffffffbd][0xffffffb2]Z2[0xffffff9b][0xffffffa4][0x2][0xffffffdc][0xffffff97]l[0xffffffe3][0xffffff99][0xffffff91][0xffffffca][0xffffffe0]^2[0xffffffd4][0xffffffde]a[0xffffff89][0xffffffa6]b[0xffffff87]@i[0xfffffff3][0xffffff8c]R[0xfffffff4][0x9][0xffffffa2][0xffffff94][0xffffffd5][0xffffffc9][0xffffffb1]|R'[0xffffffc4][0x1b][0xffffffe8][0xffffffa9][0xf]r[0xffffff84][0x6][0xffffffc8][0xffffffe2]pB[0xffffffdb]!u[0x10][0xffffffa6]5[0xffffffff][0xf][0xffffffb2][0xffffffc9][0xffffffd0]u[0x1][0xffffffbd]JZ>HN[0xffffffd1][0xffffff91][0xffffffb7]U[0xffffffd5][0x12][0xffffffc3][0xfffffff7][0xffffffda][0x14][0xffffff96][0xffffffb0][0xffffffcf]W>Y[0xffffff8a] [0xfffffffa]`[0xffffffe0]#[0x16][0xffffffb9][0xffffff80][0xffffff88][0x10][0x1f][0xfffffff7][0x1e][0xffffffb3][0xb]G[0xffffffb9],%H@[0xfffffff7] [0xffffffa1]\~[0xffffffbc][0x1][0xffffffb6][0xffffffcf]Q[0xffffffc9][0xffffffca][0x9][0x5][0xffffff84][0xffffffee][0xffffffcf][0x6][0xffffffa9][0xffffff80][0xfffffff6][0xffffff92][0xffffff89]J[0xffffffc8].[0xffffff9d]{[0xffffffdf]k[[0xffffffd3]9[0xffffff81]j[0xffffffda][0x1c][0xffffffd9][0x3][0xffffffc2]R[0xffffffe8][0xffffffcd][0xffffffcb][0xffffff81][\r]!V[0xffffffb3][0xffffff9e][0xffffffaf]c[0xffffffeb][\r][0xffffff94][0xffffffda][0xffffff81]5[0xffffffd8][0xffffff99][0xffffffd1]MfI[0xffffffad][0xffffff9b][0xffffffd1][0x1c]4^)[0xffffffa6]x[0xffffffb8][0xffffffdd]=q![0x1b][0xffffffcd][0x10][0xffffffe8]f;fMPb[0xffffff98][0xffffffe4][0xffffffd9]X+[0xffffffc9][0xfffffffa][0xc][0xffffff80][0t[0xffffffc0][0xffffffee][0xffffffbd]eYW[0xffffffee]a>3[0xffffffea]a[0xffffffa7]iw[0xffffffa6][0xffffff87][0xffffffc9]([0xffffffcc][0xffffff83][0x1][0xffffff85][0xffffffc2][0xffffffe3][\r][0xffffffa0]}[\r]J[0xffffffd6]V[0x2][0xffffffd5][0xffffffc5]&[0x15][0xffffffe0]>[0xffffffa9]X[0xffffffbc][0xffffffb0][0xffffffd2][0x3]t/Xj[0xffffffef]{[0x1b][0xffffffd1][0x19][0xffffff8a][0xffffffb5][0xffffffef][0x10][0xffffff94]8[0xffffffee]b[0xffffffc4]IL[0xffffffb2][0xffffff88][0x17][0xfffffff3][0xffffff83]><[0x15][0xffffffc7][0xe][0xffffffc5][0x6][0xffffffd8]%r [0x6][0xffffff87][0xfffffff6][0xffffff8a]V[0xffffff9a]a[0xffffffbd]S[0x7][0xffffffff]N[0xffffff87][0xffffffce][0x12][0xffffff9f]0k[0xffffffd9][0xffffffe5]E[0xffffffab][0x15][0xffffffe8]f[0xffffffc4][0x0][0x5][0xffffffd9]m[0xffffffe3]7[0xffffffe8]Y[0xffffff9e]V)[0x10][0xffffffae][0xffffff97][0x14][0xffffffb9][0xffffff8f][0xffffffe8][0xffffffce][0xffffffec]>[0xffffffb6][0xffffff84][0xffffff9c][0xffffff94][0x4][0xffffff89][0xffffffb5][0xffffffca][0xffffffea][0xffffff80][0xffffffc5][0xffffffc7][[0xffffffa2]{mBy[0xffffffb5]I[0x1d][0xffffffba][0xffffffef][0xffffffad]TF[0xfffffff7][0xffffff92][0xffffffa5]vF7[\r][0xb][0xffffffb2][0xffffffa2]wX[0xfffffff2][0xffffff84]6[0x3]t[0xffffff92]L_Ey[0x1b][0xffffffb6][0xffffff9f][0xffffff95][0x1d][0xffffffd3][0x7][0xffffffdd][0x14]P[0xffffffff]C[0xffffffc4][0xffffffd8]t[0xffffffec][0xffffffe1][0xffffff83][0xffffffc1]1i[0xffffffb4]xX[0xffffffab][0xffffff94][0xfffffffc][0xffffff88]^[0x9]+r&;[0x11][0xffffffb7][0xffffff8c][0x15];[0xffffff84][0x19]}D[0xfffffffd]Dm[0xc][0xffffffb9]s[0xc][0xffffff9d]%[0xffffffd4]2[0x3]#[0xffffffaf]%;C[0xfffffff0]Vd[0xffffffea][0x8]Wq[0xffffff9c][0xffffff9c][0xffffffd4]D[0xffffffdd][0xffffff86]:7[0xffffff95][0xffffffee]G[0xffffff9c][0xffffffa9][0xffffffe5][0xffffffc7][0x1b][0xffffffa0][0xfffffffb][0x1c]r[0xffffffaf][0xffffffad][0x4][0xffffffce]&[0xffffffa9][0x2]7[0xffffffb9][0xffffffc6]K#[0xffffff95][0xffffffc1][0xffffffbd]d[0xffffffa8][0xffffffbd][0xffffffc1][0xffffffcd][0xffffffac]9[0x1c][0xffffffeb][0xfffffff6]W7[0xffffffdb]&[0xffffff95]e-[0x2];[0xfffffff8][0xffffffa8][0xffffff97][0xffffffb1][0xffffff8e][0xffffff8f][0xffffffc1][0xffffffc8][0xffffffbc]n[0x17][0xffffff95][0x12]v[0xffffffbd][0xfffffff7][0x1][0x1d]z[0xffffffbe][0xffffffc8][0xffffffcc][\r][0xffffffef][0xfffffff6][0x9][0xffffffa9]@[0xffffffa8]U[0xffffff81][0xffffffb1]`[0xffffffc9][0xffffff88][0xffffffb2][0xffffffa2]UY3[0xffffffa2][0x0][0xffffffa3][0xffffff8f][0xffffffdf]q[0xffffff8b][0xffffff82][0xffffffda]e[0xffffffad]"[0xffffffbb][0x14]P[0xffffffdc][0xffffff82]!Y[0x2]7"SLNr[0xffffff81]A[0xffffffe2][0xffffffa4][0xfffffffd][0xffffffce]@[0xffffffa2]x[0x14]s/?[0xffffffde][0x0][0xffffffdc][0xffffffe7][0xffffff98]{[0xffffffe5][0xfffffff8][\r][0xffffffeb][0xffffff98][0xffffffcf][0x16][0xffffffa9][0xffffffc0][0xfffffff6][0xffffffa2][0xffffff8d]J[0xffffffd8].[0x1d]|[0xffffffd7][0xffffffa0][0xfffffffb]8[0xfffffff7]EW[0xffffffb0]y[0xffffffd0][0xffffffcd][0xfffffffc][0xffffffba]7=W[0xffffffb5]G[0xffffff98][0x4]yy[0xffffff86][0xffffff82]-a6[0xffffffab][0xffffffb2][0xffffffb9][0xffffffb0]a[0xffffffb3][0xffffffd0][0xffffffaa]aq[0xffffffc2][0xffffffc4][0xfffffffe]>T[0x1c]X[0x1c][0xffffffcc][0x12]3[0xffffff82][0xffffff95][0xffffffc0][0xffffffd2][0x1c]tLR[0xffffff95][0xfffffff6]%{i[0xffffffb8]~[0xffffffb7][0xffffffec]R[0xffffffb8][0x12]9[0xffffffe3]![0xffffffbb][0xffffffd6][0xffffffcd][0x1a][0xffffffa6][0x17][0x17][0xfffffff7][0xffffffe9]3C[0xffffffd8][0xffffff84]V]<h[0xffffff96][0xffffffb9]?[0xffffff9c]-[~[0xffffffbc][0x1][0xffffffb6][0xffffffaf]A[0xfffffff7][0xffffffda][0xffffff8c][0xfffffff2]j[0xffffff93]:t[0xffffffe7][0xffffffd5]?[0x8][0x7f][0xffffffde]X[0xffffffe9]1[0xffffffba]_Zj[0xffffffef][0xffffff9b][0x1b][0x5][0x1c]*[0xffffff81][0xffffffed][0xffffffdb][0xffffffef][0x1]T[0xffffffa3][0xffffffb1]#{[0x6]p[0xffffff98]=00L[0xffffffd8][0xffffffd0][0xffffff97][0x15][0xffffffe6]Q.f[0xffffffe3][0xffffffe5][0xffffffd8][0xffffffd1][0xffffffb6]a.[0x18]qcJ[0xffffff80]([0xffffffa9][0xffffffb1]qA[0xffffffc8]q[0xffffff80]V[0xffffffae][0x15][0xffffffa3]fo[0xe][0xffffffba]Q[0xffffffa8][0x0]u([0xffffffc9]n[0xffffffa8]s_[0xffffff98][0xffffff9c]VR[0x9]$8*][0xffffffdc][0xffffff88][0xfffffff1][0xffffff8a][0xffffffdc][0xffffffc2][0xffffffc9][0xffffffb3][0xffffff93][0xffffff9a][0xffffffec][0xfffffff3][0xffffffb4]w[0xffffffa1][0xffffffd8]}_~[0xffffffbc][0x1][0xffffffb8]/Q[0xffffffc9][0xffffffba]*[0xfffffff7][0xffffff8d]E*[0xffffffb0][0xffffffbd]d[0xffffffa3][0x12][0xffffffb4]K[0x7][0xffffffdf][0xfffffff7][0xffffffe2]f[0xffffffb3]/[0xffffff95][0xffffffba][0xfffffff6]lWH[0x7f]`;[0xffffffaf][0xffff
[...]

21:16:25.966 [AsyncHttpClient-1-2] DEBUG org.asynchttpclient.netty.channel.ChannelManager - Adding key: http://localhost:49153 for channel [id: 0x1b760b3c, L:/127.0.0.1:46022 - R:localhost/127.0.0.1:49153]
21:16:25.968 [Forwarding clickElement on session 2b3487f8-ebe8-4e60-8480-65b34158f924 to remote] DEBUG org.asynchttpclient.netty.request.NettyRequestSender - Using pooled Channel '[id: 0x1b760b3c, L:/127.0.0.1:46022 - R:localhost/127.0.0.1:49153]' for 'POST' to 'http://localhost:49153/wd/hub/session/2b3487f8-ebe8-4e60-8480-65b34158f924/element/4d3a7070-8463-4ef8-b726-6af2e6558196/click'
21:16:25.968 [Forwarding clickElement on session 2b3487f8-ebe8-4e60-8480-65b34158f924 to remote] DEBUG org.asynchttpclient.netty.request.NettyRequestSender - Using open Channel [id: 0x1b760b3c, L:/127.0.0.1:46022 - R:localhost/127.0.0.1:49153] for POST '/wd/hub/session/2b3487f8-ebe8-4e60-8480-65b34158f924/element/4d3a7070-8463-4ef8-b726-6af2e6558196/click'
21:16:26.284 [AsyncHttpClient-1-2] DEBUG org.asynchttpclient.netty.handler.HttpHandler - 

Request DefaultHttpRequest(decodeResult: success, version: HTTP/1.1)
POST /wd/hub/session/2b3487f8-ebe8-4e60-8480-65b34158f924/element/4d3a7070-8463-4ef8-b726-6af2e6558196/click HTTP/1.1
User-Agent: selenium/4.8.0 (java unix)
traceparent: 00-e24f56f26cae19d9242bd3d5c5dc4844-f0d34c01c6700eff-01
Content-Length: 50
Content-Type: application/json; charset=utf-8
host: localhost:49153
accept: */*

Response DefaultHttpResponse(decodeResult: success, version: HTTP/1.1)
HTTP/1.1 200 OK
Cache-Control: no-cache
Content-Length: 14
Content-Type: application/json
Content-Type: application/json; charset=utf-8
Date: Thu, 16 Mar 2023 21:16:25 GMT

21:16:26.284 [AsyncHttpClient-1-2] DEBUG org.asynchttpclient.netty.channel.ChannelManager - Adding key: http://localhost:49153 for channel [id: 0x1b760b3c, L:/127.0.0.1:46022 - R:localhost/127.0.0.1:49153]
21:16:26.286 [Forwarding findElement on session 2b3487f8-ebe8-4e60-8480-65b34158f924 to remote] DEBUG org.asynchttpclient.netty.request.NettyRequestSender - Using pooled Channel '[id: 0x1b760b3c, L:/127.0.0.1:46022 - R:localhost/127.0.0.1:49153]' for 'POST' to 'http://localhost:49153/wd/hub/session/2b3487f8-ebe8-4e60-8480-65b34158f924/element'
21:16:26.286 [Forwarding findElement on session 2b3487f8-ebe8-4e60-8480-65b34158f924 to remote] DEBUG org.asynchttpclient.netty.request.NettyRequestSender - Using open Channel [id: 0x1b760b3c, L:/127.0.0.1:46022 - R:localhost/127.0.0.1:49153] for POST '/wd/hub/session/2b3487f8-ebe8-4e60-8480-65b34158f924/element'
21:16:26.289 [AsyncHttpClient-1-2] DEBUG org.asynchttpclient.netty.handler.HttpHandler - 

Request DefaultHttpRequest(decodeResult: success, version: HTTP/1.1)
POST /wd/hub/session/2b3487f8-ebe8-4e60-8480-65b34158f924/element HTTP/1.1
User-Agent: selenium/4.8.0 (java unix)
traceparent: 00-9085af9d1990261ac0f916751a3d226c-247374f3102c014e-01
Content-Length: 45
Content-Type: application/json; charset=utf-8
host: localhost:49153
accept: */*

Response DefaultHttpResponse(decodeResult: success, version: HTTP/1.1)
HTTP/1.1 200 OK
Cache-Control: no-cache
Content-Length: 88
Content-Type: application/json
Content-Type: application/json; charset=utf-8
Date: Thu, 16 Mar 2023 21:16:26 GMT

21:16:26.289 [AsyncHttpClient-1-2] DEBUG org.asynchttpclient.netty.channel.ChannelManager - Adding key: http://localhost:49153 for channel [id: 0x1b760b3c, L:/127.0.0.1:46022 - R:localhost/127.0.0.1:49153]
21:16:26.290 [Forwarding getElementText on session 2b3487f8-ebe8-4e60-8480-65b34158f924 to remote] DEBUG org.asynchttpclient.netty.request.NettyRequestSender - Using pooled Channel '[id: 0x1b760b3c, L:/127.0.0.1:46022 - R:localhost/127.0.0.1:49153]' for 'GET' to 'http://localhost:49153/wd/hub/session/2b3487f8-ebe8-4e60-8480-65b34158f924/element/aaaa858b-27fd-40ea-a72c-a4b14a66cd98/text'
21:16:26.290 [Forwarding getElementText on session 2b3487f8-ebe8-4e60-8480-65b34158f924 to remote] DEBUG org.asynchttpclient.netty.request.NettyRequestSender - Using open Channel [id: 0x1b760b3c, L:/127.0.0.1:46022 - R:localhost/127.0.0.1:49153] for GET '/wd/hub/session/2b3487f8-ebe8-4e60-8480-65b34158f924/element/aaaa858b-27fd-40ea-a72c-a4b14a66cd98/text'
21:16:26.299 [AsyncHttpClient-1-2] DEBUG org.asynchttpclient.netty.handler.HttpHandler - 

Request DefaultFullHttpRequest(decodeResult: success, version: HTTP/1.1, content: EmptyByteBufBE)
GET /wd/hub/session/2b3487f8-ebe8-4e60-8480-65b34158f924/element/aaaa858b-27fd-40ea-a72c-a4b14a66cd98/text HTTP/1.1
User-Agent: selenium/4.8.0 (java unix)
Cache-Control: no-cache
traceparent: 00-e9742661f36b091f9bd965844906763f-c5264405ef26692a-01
Content-Type: application/json; charset=utf-8
host: localhost:49153
accept: */*

Response DefaultHttpResponse(decodeResult: success, version: HTTP/1.1)
HTTP/1.1 200 OK
Cache-Control: no-cache
Content-Length: 12
Content-Type: application/json
Content-Type: application/json; charset=utf-8
Date: Thu, 16 Mar 2023 21:16:26 GMT

21:16:26.300 [AsyncHttpClient-1-2] DEBUG org.asynchttpclient.netty.channel.ChannelManager - Adding key: http://localhost:49153 for channel [id: 0x1b760b3c, L:/127.0.0.1:46022 - R:localhost/127.0.0.1:49153]
21:16:27.298 [AsyncHttpClient-1-1] DEBUG org.asynchttpclient.netty.channel.DefaultChannelPool - Entry count for : http://localhost:49153 : 1
21:16:28.305 [main] DEBUG io.github.bonigarcia.wdm.WebDriverManager - Quitting RemoteWebDriver: firefox on LINUX (2b3487f8-ebe8-4e60-8480-65b34158f924)
21:16:28.306 [Forwarding quit on session 2b3487f8-ebe8-4e60-8480-65b34158f924 to remote] DEBUG org.asynchttpclient.netty.request.NettyRequestSender - Using pooled Channel '[id: 0x1b760b3c, L:/127.0.0.1:46022 - R:localhost/127.0.0.1:49153]' for 'DELETE' to 'http://localhost:49153/wd/hub/session/2b3487f8-ebe8-4e60-8480-65b34158f924'
21:16:28.306 [Forwarding quit on session 2b3487f8-ebe8-4e60-8480-65b34158f924 to remote] DEBUG org.asynchttpclient.netty.request.NettyRequestSender - Using open Channel [id: 0x1b760b3c, L:/127.0.0.1:46022 - R:localhost/127.0.0.1:49153] for DELETE '/wd/hub/session/2b3487f8-ebe8-4e60-8480-65b34158f924'
21:16:28.783 [AsyncHttpClient-1-2] DEBUG org.asynchttpclient.netty.handler.HttpHandler - 

Request DefaultFullHttpRequest(decodeResult: success, version: HTTP/1.1, content: EmptyByteBufBE)
DELETE /wd/hub/session/2b3487f8-ebe8-4e60-8480-65b34158f924 HTTP/1.1
User-Agent: selenium/4.8.0 (java unix)
traceparent: 00-e66746ea2c5a927843cf50592cc4cae3-97fafc64ac952a7a-01
Content-Type: application/json; charset=utf-8
host: localhost:49153
accept: */*

Response DefaultHttpResponse(decodeResult: success, version: HTTP/1.1)
HTTP/1.1 200 OK
Cache-Control: no-cache
Content-Length: 14
Content-Type: application/json
Content-Type: application/json; charset=utf-8
Date: Thu, 16 Mar 2023 21:16:28 GMT

21:16:28.783 [AsyncHttpClient-1-2] DEBUG org.asynchttpclient.netty.channel.ChannelManager - Adding key: http://localhost:49153 for channel [id: 0x1b760b3c, L:/127.0.0.1:46022 - R:localhost/127.0.0.1:49153]
21:16:28.784 [main] INFO io.github.bonigarcia.wdm.docker.DockerService - Stopping Docker container selenoid/vnc:firefox_110.0
21:16:28.784 [main] DEBUG com.github.dockerjava.core.command.AbstrDockerCmd - Cmd: 9bb323ed2b6638e0889d0e354079e0e6d36b940b89f008d1751b7692243bb2cf,5
21:16:28.785 [main] DEBUG org.apache.hc.client5.http.impl.classic.InternalHttpClient - ex-0000000010 preparing request execution
21:16:28.785 [main] DEBUG org.apache.hc.client5.http.impl.classic.ProtocolExec - ex-0000000010 target auth state: UNCHALLENGED
21:16:28.785 [main] DEBUG org.apache.hc.client5.http.impl.classic.ProtocolExec - ex-0000000010 proxy auth state: UNCHALLENGED
21:16:28.785 [main] DEBUG org.apache.hc.client5.http.impl.classic.ConnectExec - ex-0000000010 acquiring connection with route {}->unix://localhost:2375
21:16:28.785 [main] DEBUG org.apache.hc.client5.http.impl.classic.InternalHttpClient - ex-0000000010 acquiring endpoint (3 MINUTES)
21:16:28.785 [main] DEBUG org.apache.hc.client5.http.impl.io.PoolingHttpClientConnectionManager - ex-0000000010 endpoint lease request (3 MINUTES) [route: {}->unix://localhost:2375][total available: 1; route allocated: 1 of 2147483647; total allocated: 1 of 2147483647]
21:16:28.785 [main] DEBUG org.apache.hc.client5.http.impl.io.PoolingHttpClientConnectionManager - ex-0000000010 endpoint leased [route: {}->unix://localhost:2375][total available: 0; route allocated: 1 of 2147483647; total allocated: 1 of 2147483647]
21:16:28.785 [main] DEBUG org.apache.hc.client5.http.impl.io.PoolingHttpClientConnectionManager - ex-0000000010 acquired ep-0000000010
21:16:28.785 [main] DEBUG org.apache.hc.client5.http.impl.classic.InternalHttpClient - ex-0000000010 acquired endpoint ep-0000000010
21:16:28.785 [main] DEBUG org.apache.hc.client5.http.impl.classic.MainClientExec - ex-0000000010 executing POST /containers/9bb323ed2b6638e0889d0e354079e0e6d36b940b89f008d1751b7692243bb2cf/stop?t=5 HTTP/1.1
21:16:28.785 [main] DEBUG org.apache.hc.client5.http.protocol.RequestAddCookies - ex-0000000010 Cookie spec selected: strict
21:16:28.786 [main] DEBUG org.apache.hc.client5.http.impl.classic.InternalHttpClient - ep-0000000010 start execution ex-0000000010
21:16:28.786 [main] DEBUG org.apache.hc.client5.http.impl.io.PoolingHttpClientConnectionManager - ep-0000000010 executing exchange ex-0000000010 over http-outgoing-1
21:16:28.786 [main] DEBUG org.apache.hc.client5.http.headers - http-outgoing-1 >> POST /containers/9bb323ed2b6638e0889d0e354079e0e6d36b940b89f008d1751b7692243bb2cf/stop?t=5 HTTP/1.1
21:16:28.786 [main] DEBUG org.apache.hc.client5.http.headers - http-outgoing-1 >> accept: application/json
21:16:28.786 [main] DEBUG org.apache.hc.client5.http.headers - http-outgoing-1 >> content-type: application/json
21:16:28.786 [main] DEBUG org.apache.hc.client5.http.headers - http-outgoing-1 >> Accept-Encoding: gzip, x-gzip, deflate, br
21:16:28.786 [main] DEBUG org.apache.hc.client5.http.headers - http-outgoing-1 >> Host: localhost:2375
21:16:28.786 [main] DEBUG org.apache.hc.client5.http.headers - http-outgoing-1 >> Connection: keep-alive
21:16:28.786 [main] DEBUG org.apache.hc.client5.http.headers - http-outgoing-1 >> User-Agent: Apache-HttpClient/5.2.1 (Java/17.0.6)
21:16:28.786 [main] DEBUG org.apache.hc.client5.http.wire - http-outgoing-1 >> "POST /containers/9bb323ed2b6638e0889d0e354079e0e6d36b940b89f008d1751b7692243bb2cf/stop?t=5 HTTP/1.1[\r][\n]"
21:16:28.786 [main] DEBUG org.apache.hc.client5.http.wire - http-outgoing-1 >> "accept: application/json[\r][\n]"
21:16:28.786 [main] DEBUG org.apache.hc.client5.http.wire - http-outgoing-1 >> "content-type: application/json[\r][\n]"
21:16:28.786 [main] DEBUG org.apache.hc.client5.http.wire - http-outgoing-1 >> "Accept-Encoding: gzip, x-gzip, deflate, br[\r][\n]"
21:16:28.786 [main] DEBUG org.apache.hc.client5.http.wire - http-outgoing-1 >> "Host: localhost:2375[\r][\n]"
21:16:28.786 [main] DEBUG org.apache.hc.client5.http.wire - http-outgoing-1 >> "Connection: keep-alive[\r][\n]"
21:16:28.786 [main] DEBUG org.apache.hc.client5.http.wire - http-outgoing-1 >> "User-Agent: Apache-HttpClient/5.2.1 (Java/17.0.6)[\r][\n]"
21:16:28.786 [main] DEBUG org.apache.hc.client5.http.wire - http-outgoing-1 >> "[\r][\n]"
21:16:28.801 [AsyncHttpClient-1-2] DEBUG org.asynchttpclient.netty.handler.HttpHandler - Channel Closed: [id: 0x1b760b3c, L:/127.0.0.1:46022 ! R:localhost/127.0.0.1:49153] with attribute DISCARD
21:16:28.986 [main] DEBUG org.apache.hc.client5.http.wire - http-outgoing-1 << "HTTP/1.1 204 No Content[\r][\n]"
21:16:28.986 [main] DEBUG org.apache.hc.client5.http.wire - http-outgoing-1 << "Api-Version: 1.41[\r][\n]"
21:16:28.986 [main] DEBUG org.apache.hc.client5.http.wire - http-outgoing-1 << "Docker-Experimental: false[\r][\n]"
21:16:28.986 [main] DEBUG org.apache.hc.client5.http.wire - http-outgoing-1 << "Ostype: linux[\r][\n]"
21:16:28.986 [main] DEBUG org.apache.hc.client5.http.wire - http-outgoing-1 << "Server: Docker/20.10.21 (linux)[\r][\n]"
21:16:28.986 [main] DEBUG org.apache.hc.client5.http.wire - http-outgoing-1 << "Date: Thu, 16 Mar 2023 21:16:28 GMT[\r][\n]"
21:16:28.986 [main] DEBUG org.apache.hc.client5.http.wire - http-outgoing-1 << "[\r][\n]"
21:16:28.986 [main] DEBUG org.apache.hc.client5.http.headers - http-outgoing-1 << HTTP/1.1 204 No Content
21:16:28.986 [main] DEBUG org.apache.hc.client5.http.headers - http-outgoing-1 << Api-Version: 1.41
21:16:28.986 [main] DEBUG org.apache.hc.client5.http.headers - http-outgoing-1 << Docker-Experimental: false
21:16:28.986 [main] DEBUG org.apache.hc.client5.http.headers - http-outgoing-1 << Ostype: linux
21:16:28.986 [main] DEBUG org.apache.hc.client5.http.headers - http-outgoing-1 << Server: Docker/20.10.21 (linux)
21:16:28.986 [main] DEBUG org.apache.hc.client5.http.headers - http-outgoing-1 << Date: Thu, 16 Mar 2023 21:16:28 GMT
21:16:28.986 [main] DEBUG org.apache.hc.client5.http.impl.classic.MainClientExec - ex-0000000010 connection can be kept alive for 3 MINUTES
21:16:28.986 [main] DEBUG org.apache.hc.client5.http.impl.classic.InternalHttpClient - ep-0000000010 releasing valid endpoint
21:16:28.986 [main] DEBUG org.apache.hc.client5.http.impl.io.PoolingHttpClientConnectionManager - ep-0000000010 releasing endpoint
21:16:28.986 [main] DEBUG org.apache.hc.client5.http.impl.io.PoolingHttpClientConnectionManager - ep-0000000010 connection http-outgoing-1 can be kept alive for 3 MINUTES
21:16:28.986 [main] DEBUG org.apache.hc.client5.http.impl.io.PoolingHttpClientConnectionManager - ep-0000000010 connection released [route: {}->unix://localhost:2375][total available: 1; route allocated: 1 of 2147483647; total allocated: 1 of 2147483647]
21:16:28.987 [main] DEBUG com.github.dockerjava.core.command.AbstrDockerCmd - Cmd: 9bb323ed2b6638e0889d0e354079e0e6d36b940b89f008d1751b7692243bb2cf,<null>,<null>
21:16:28.987 [main] DEBUG org.apache.hc.client5.http.impl.classic.InternalHttpClient - ex-0000000011 preparing request execution
21:16:28.988 [main] DEBUG org.apache.hc.client5.http.impl.classic.ProtocolExec - ex-0000000011 target auth state: UNCHALLENGED
21:16:28.988 [main] DEBUG org.apache.hc.client5.http.impl.classic.ProtocolExec - ex-0000000011 proxy auth state: UNCHALLENGED
21:16:28.988 [main] DEBUG org.apache.hc.client5.http.impl.classic.ConnectExec - ex-0000000011 acquiring connection with route {}->unix://localhost:2375
21:16:28.988 [main] DEBUG org.apache.hc.client5.http.impl.classic.InternalHttpClient - ex-0000000011 acquiring endpoint (3 MINUTES)
21:16:28.988 [main] DEBUG org.apache.hc.client5.http.impl.io.PoolingHttpClientConnectionManager - ex-0000000011 endpoint lease request (3 MINUTES) [route: {}->unix://localhost:2375][total available: 1; route allocated: 1 of 2147483647; total allocated: 1 of 2147483647]
21:16:28.988 [main] DEBUG org.apache.hc.client5.http.impl.io.PoolingHttpClientConnectionManager - ex-0000000011 endpoint leased [route: {}->unix://localhost:2375][total available: 0; route allocated: 1 of 2147483647; total allocated: 1 of 2147483647]
21:16:28.988 [main] DEBUG org.apache.hc.client5.http.impl.io.PoolingHttpClientConnectionManager - ex-0000000011 acquired ep-0000000011
21:16:28.988 [main] DEBUG org.apache.hc.client5.http.impl.classic.InternalHttpClient - ex-0000000011 acquired endpoint ep-0000000011
21:16:28.988 [main] DEBUG org.apache.hc.client5.http.impl.classic.MainClientExec - ex-0000000011 executing DELETE /containers/9bb323ed2b6638e0889d0e354079e0e6d36b940b89f008d1751b7692243bb2cf HTTP/1.1
21:16:28.988 [main] DEBUG org.apache.hc.client5.http.protocol.RequestAddCookies - ex-0000000011 Cookie spec selected: strict
21:16:28.988 [main] DEBUG org.apache.hc.client5.http.impl.classic.InternalHttpClient - ep-0000000011 start execution ex-0000000011
21:16:28.988 [main] DEBUG org.apache.hc.client5.http.impl.io.PoolingHttpClientConnectionManager - ep-0000000011 executing exchange ex-0000000011 over http-outgoing-1
21:16:28.988 [main] DEBUG org.apache.hc.client5.http.headers - http-outgoing-1 >> DELETE /containers/9bb323ed2b6638e0889d0e354079e0e6d36b940b89f008d1751b7692243bb2cf HTTP/1.1
21:16:28.988 [main] DEBUG org.apache.hc.client5.http.headers - http-outgoing-1 >> accept: application/json
21:16:28.988 [main] DEBUG org.apache.hc.client5.http.headers - http-outgoing-1 >> Accept-Encoding: gzip, x-gzip, deflate, br
21:16:28.988 [main] DEBUG org.apache.hc.client5.http.headers - http-outgoing-1 >> Host: localhost:2375
21:16:28.988 [main] DEBUG org.apache.hc.client5.http.headers - http-outgoing-1 >> Connection: keep-alive
21:16:28.988 [main] DEBUG org.apache.hc.client5.http.headers - http-outgoing-1 >> User-Agent: Apache-HttpClient/5.2.1 (Java/17.0.6)
21:16:28.988 [main] DEBUG org.apache.hc.client5.http.wire - http-outgoing-1 >> "DELETE /containers/9bb323ed2b6638e0889d0e354079e0e6d36b940b89f008d1751b7692243bb2cf HTTP/1.1[\r][\n]"
21:16:28.988 [main] DEBUG org.apache.hc.client5.http.wire - http-outgoing-1 >> "accept: application/json[\r][\n]"
21:16:28.988 [main] DEBUG org.apache.hc.client5.http.wire - http-outgoing-1 >> "Accept-Encoding: gzip, x-gzip, deflate, br[\r][\n]"
21:16:28.988 [main] DEBUG org.apache.hc.client5.http.wire - http-outgoing-1 >> "Host: localhost:2375[\r][\n]"
21:16:28.988 [main] DEBUG org.apache.hc.client5.http.wire - http-outgoing-1 >> "Connection: keep-alive[\r][\n]"
21:16:28.988 [main] DEBUG org.apache.hc.client5.http.wire - http-outgoing-1 >> "User-Agent: Apache-HttpClient/5.2.1 (Java/17.0.6)[\r][\n]"
21:16:28.988 [main] DEBUG org.apache.hc.client5.http.wire - http-outgoing-1 >> "[\r][\n]"
21:16:28.994 [main] DEBUG org.apache.hc.client5.http.wire - http-outgoing-1 << "HTTP/1.1 204 No Content[\r][\n]"
21:16:28.994 [main] DEBUG org.apache.hc.client5.http.wire - http-outgoing-1 << "Api-Version: 1.41[\r][\n]"
21:16:28.994 [main] DEBUG org.apache.hc.client5.http.wire - http-outgoing-1 << "Docker-Experimental: false[\r][\n]"
21:16:28.994 [main] DEBUG org.apache.hc.client5.http.wire - http-outgoing-1 << "Ostype: linux[\r][\n]"
21:16:28.994 [main] DEBUG org.apache.hc.client5.http.wire - http-outgoing-1 << "Server: Docker/20.10.21 (linux)[\r][\n]"
21:16:28.994 [main] DEBUG org.apache.hc.client5.http.wire - http-outgoing-1 << "Date: Thu, 16 Mar 2023 21:16:28 GMT[\r][\n]"
21:16:28.994 [main] DEBUG org.apache.hc.client5.http.wire - http-outgoing-1 << "[\r][\n]"
21:16:28.994 [main] DEBUG org.apache.hc.client5.http.headers - http-outgoing-1 << HTTP/1.1 204 No Content
21:16:28.994 [main] DEBUG org.apache.hc.client5.http.headers - http-outgoing-1 << Api-Version: 1.41
21:16:28.994 [main] DEBUG org.apache.hc.client5.http.headers - http-outgoing-1 << Docker-Experimental: false
21:16:28.994 [main] DEBUG org.apache.hc.client5.http.headers - http-outgoing-1 << Ostype: linux
21:16:28.994 [main] DEBUG org.apache.hc.client5.http.headers - http-outgoing-1 << Server: Docker/20.10.21 (linux)
21:16:28.994 [main] DEBUG org.apache.hc.client5.http.headers - http-outgoing-1 << Date: Thu, 16 Mar 2023 21:16:28 GMT
21:16:28.995 [main] DEBUG org.apache.hc.client5.http.impl.classic.MainClientExec - ex-0000000011 connection can be kept alive for 3 MINUTES
21:16:28.995 [main] DEBUG org.apache.hc.client5.http.impl.classic.InternalHttpClient - ep-0000000011 releasing valid endpoint
21:16:28.995 [main] DEBUG org.apache.hc.client5.http.impl.io.PoolingHttpClientConnectionManager - ep-0000000011 releasing endpoint
21:16:28.995 [main] DEBUG org.apache.hc.client5.http.impl.io.PoolingHttpClientConnectionManager - ep-0000000011 connection http-outgoing-1 can be kept alive for 3 MINUTES
21:16:28.995 [main] DEBUG org.apache.hc.client5.http.impl.io.PoolingHttpClientConnectionManager - ep-0000000011 connection released [route: {}->unix://localhost:2375][total available: 1; route allocated: 1 of 2147483647; total allocated: 1 of 2147483647]
]]></system-out>
    <system-err><![CDATA[mar. 16, 2023 9:16:20 DA TARDE org.openqa.selenium.remote.tracing.opentelemetry.OpenTelemetryTracer createTracer
INFO: Using OpenTelemetry for tracing
]]></system-err>
  </testcase>
</testsuite>