<?xml version="1.0" encoding="UTF-8"?>
<testsuite xmlns:xsi="http://www.w3.org/2001/XMLSchema-instance" xsi:noNamespaceSchemaLocation="https://maven.apache.org/surefire/maven-surefire-plugin/xsd/surefire-test-report-3.0.xsd" version="3.0" name="lab3_2.tqsCars.D_CarControllerTest" time="4.505" tests="3" errors="0" skipped="1" failures="0">
  <properties>
[...]
</properties>
  <testcase name="" classname="lab3_2.tqsCars.GsCarsContainersApplicationTest" time="0">
    <skipped message="class lab3_2.tqsCars.GsCarsContainersApplicationTest is @Disabled"/>
  </testcase>
  <testcase name="whenPostCars_thenCreateCars" classname="lab3_2.tqsCars.D_CarControllerTest" time="0.501">
    <system-out><![CDATA[22:28:06.160 [main] DEBUG org.springframework.boot.test.context.SpringBootTestContextBootstrapper - Neither @ContextConfiguration nor @ContextHierarchy found for test class [D_CarControllerTest]: using SpringBootContextLoader
22:28:06.164 [main] DEBUG org.springframework.test.context.support.AbstractContextLoader - Could not detect default resource locations for test class [lab3_2.tqsCars.D_CarControllerTest]: no resource found for suffixes {-context.xml, Context.groovy}.
22:28:06.164 [main] INFO org.springframework.test.context.support.AnnotationConfigContextLoaderUtils - Could not detect default configuration classes for test class [lab3_2.tqsCars.D_CarControllerTest]: D_CarControllerTest does not declare any static, non-private, non-final, nested classes annotated with @Configuration.
22:28:06.181 [main] DEBUG org.springframework.boot.test.context.SpringBootTestContextBootstrapper - Using ContextCustomizers for test class [D_CarControllerTest]: [ExcludeFilterContextCustomizer, DuplicateJsonObjectContextCustomizer, MockitoContextCustomizer, TestRestTemplateContextCustomizer, DisableObservabilityContextCustomizer, PropertyMappingContextCustomizer, Customizer]
22:28:06.233 [main] DEBUG org.springframework.context.annotation.ClassPathScanningCandidateComponentProvider - Identified candidate component class: file [/home/bruna/Desktop/TQS/lab3/lab3_2/tqsCars/target/classes/lab3_2/tqsCars/GsCarsContainersApplication.class]
22:28:06.234 [main] INFO org.springframework.boot.test.context.SpringBootTestContextBootstrapper - Found @SpringBootConfiguration lab3_2.tqsCars.GsCarsContainersApplication for test class lab3_2.tqsCars.D_CarControllerTest
22:28:06.312 [main] DEBUG org.springframework.boot.test.context.SpringBootTestContextBootstrapper - Using TestExecutionListeners for test class [D_CarControllerTest]: [ServletTestExecutionListener, DirtiesContextBeforeModesTestExecutionListener, ApplicationEventsTestExecutionListener, MockitoTestExecutionListener, DependencyInjectionTestExecutionListener, DirtiesContextTestExecutionListener, TransactionalTestExecutionListener, SqlScriptsTestExecutionListener, EventPublishingTestExecutionListener, ResetMocksTestExecutionListener, RestDocsTestExecutionListener, MockRestServiceServerResetTestExecutionListener, MockMvcPrintOnlyOnFailureTestExecutionListener, WebDriverTestExecutionListener, MockWebServiceServerTestExecutionListener]
22:28:06.313 [main] DEBUG org.springframework.test.context.support.AbstractDirtiesContextTestExecutionListener - Before test class: class [D_CarControllerTest], class annotated with @DirtiesContext [false] with mode [null]
22:28:06.324 [main] DEBUG org.springframework.test.context.support.DependencyInjectionTestExecutionListener - Performing dependency injection for test class lab3_2.tqsCars.D_CarControllerTest

  .   ____          _            __ _ _
 /\\ / ___'_ __ _ _(_)_ __  __ _ \ \ \ \
( ( )\___ | '_ | '_| | '_ \/ _` | \ \ \ \
 \\/  ___)| |_)| | | | | || (_| |  ) ) ) )
  '  |____| .__|_| |_|_| |_\__, | / / / /
 =========|_|==============|___/=/_/_/_/
 :: Spring Boot ::                (v3.0.3)

2023-03-07T22:28:06.564Z  INFO 186532 --- [           main] lab3_2.tqsCars.D_CarControllerTest       : Starting D_CarControllerTest using Java 17.0.6 with PID 186532 (started by bruna in /home/bruna/Desktop/TQS/lab3/lab3_2/tqsCars)
2023-03-07T22:28:06.565Z  INFO 186532 --- [           main] lab3_2.tqsCars.D_CarControllerTest       : No active profile set, falling back to 1 default profile: "default"
2023-03-07T22:28:07.178Z  INFO 186532 --- [           main] .s.d.r.c.RepositoryConfigurationDelegate : Bootstrapping Spring Data JPA repositories in DEFAULT mode.
2023-03-07T22:28:07.229Z  INFO 186532 --- [           main] .s.d.r.c.RepositoryConfigurationDelegate : Finished Spring Data repository scanning in 45 ms. Found 1 JPA repository interfaces.
2023-03-07T22:28:07.652Z  INFO 186532 --- [           main] o.s.b.w.embedded.tomcat.TomcatWebServer  : Tomcat initialized with port(s): 0 (http)
2023-03-07T22:28:07.660Z  INFO 186532 --- [           main] o.apache.catalina.core.StandardService   : Starting service [Tomcat]
2023-03-07T22:28:07.660Z  INFO 186532 --- [           main] o.apache.catalina.core.StandardEngine    : Starting Servlet engine: [Apache Tomcat/10.1.5]
2023-03-07T22:28:07.747Z  INFO 186532 --- [           main] o.a.c.c.C.[Tomcat].[localhost].[/]       : Initializing Spring embedded WebApplicationContext
2023-03-07T22:28:07.751Z  INFO 186532 --- [           main] w.s.c.ServletWebServerApplicationContext : Root WebApplicationContext: initialization completed in 997 ms
2023-03-07T22:28:07.902Z  INFO 186532 --- [           main] o.hibernate.jpa.internal.util.LogHelper  : HHH000204: Processing PersistenceUnitInfo [name: default]
2023-03-07T22:28:07.940Z  INFO 186532 --- [           main] org.hibernate.Version                    : HHH000412: Hibernate ORM core version 6.1.7.Final
2023-03-07T22:28:08.171Z  INFO 186532 --- [           main] com.zaxxer.hikari.HikariDataSource       : HikariPool-1 - Starting...
2023-03-07T22:28:08.179Z  WARN 186532 --- [           main] c.zaxxer.hikari.util.DriverDataSource    : Registered driver with driverClassName=com.mysql.jdbc.Driver was not found, trying direct instantiation.
2023-03-07T22:28:08.488Z  INFO 186532 --- [           main] com.zaxxer.hikari.pool.HikariPool        : HikariPool-1 - Added connection com.mysql.cj.jdbc.ConnectionImpl@13374ca6
2023-03-07T22:28:08.491Z  INFO 186532 --- [           main] com.zaxxer.hikari.HikariDataSource       : HikariPool-1 - Start completed.
2023-03-07T22:28:08.534Z  INFO 186532 --- [           main] SQL dialect                              : HHH000400: Using dialect: org.hibernate.dialect.MySQLDialect
2023-03-07T22:28:09.181Z  INFO 186532 --- [           main] o.h.e.t.j.p.i.JtaPlatformInitiator       : HHH000490: Using JtaPlatform implementation: [org.hibernate.engine.transaction.jta.platform.internal.NoJtaPlatform]
2023-03-07T22:28:09.193Z  INFO 186532 --- [           main] j.LocalContainerEntityManagerFactoryBean : Initialized JPA EntityManagerFactory for persistence unit 'default'
2023-03-07T22:28:09.541Z  WARN 186532 --- [           main] JpaBaseConfiguration$JpaWebConfiguration : spring.jpa.open-in-view is enabled by default. Therefore, database queries may be performed during view rendering. Explicitly configure spring.jpa.open-in-view to disable this warning
2023-03-07T22:28:09.909Z  INFO 186532 --- [           main] o.s.b.w.embedded.tomcat.TomcatWebServer  : Tomcat started on port(s): 44593 (http) with context path ''
2023-03-07T22:28:09.917Z  INFO 186532 --- [           main] lab3_2.tqsCars.D_CarControllerTest       : Started D_CarControllerTest in 3.574 seconds (process running for 4.514)
2023-03-07T22:28:10.182Z  INFO 186532 --- [o-auto-1-exec-1] o.a.c.c.C.[Tomcat].[localhost].[/]       : Initializing Spring DispatcherServlet 'dispatcherServlet'
2023-03-07T22:28:10.182Z  INFO 186532 --- [o-auto-1-exec-1] o.s.web.servlet.DispatcherServlet        : Initializing Servlet 'dispatcherServlet'
2023-03-07T22:28:10.183Z  INFO 186532 --- [o-auto-1-exec-1] o.s.web.servlet.DispatcherServlet        : Completed initialization in 1 ms
]]></system-out>
    <system-err><![CDATA[Loading class `com.mysql.jdbc.Driver'. This is deprecated. The new driver class is `com.mysql.cj.jdbc.Driver'. The driver is automatically registered via the SPI and manual loading of the driver class is generally unnecessary.
]]></system-err>
  </testcase>
  <testcase name="givenCars_returnAllCars" classname="lab3_2.tqsCars.D_CarControllerTest" time="0.075"/>
</testsuite>