-------------------------------------------------------------------------------
Test set: tqsdemo.employeemngr.employee.C_EmployeeController_WithMockServiceTest
-------------------------------------------------------------------------------
Tests run: 2, Failures: 0, Errors: 1, Skipped: 0, Time elapsed: 2.012 s <<< FAILURE! - in tqsdemo.employeemngr.employee.C_EmployeeController_WithMockServiceTest
whenPostEmployee_thenCreateEmployee  Time elapsed: 0.011 s  <<< ERROR!
java.lang.Error: 
Unresolved compilation problem: 
	JsonUtils cannot be resolved

	at tqsdemo.employeemngr.employee.C_EmployeeController_WithMockServiceTest.whenPostEmployee_thenCreateEmployee(C_EmployeeController_WithMockServiceTest.java:58)

